[1m[35m[2018-01-16 05:01:56][39m[22m - | Info | Core | Created db entry for user Oppressor11.
[1m[35m[2018-01-16 09:23:09][39m[22m - | Info | Core | Created db entry for command help.
[1m[35m[2018-01-16 11:55:07][39m[22m - | Info | Core | Created db entry for user Gnarly Tango.
[1m[35m[2018-01-16 13:29:13][39m[22m - | Info | Core | Created db entry for user Matt.
[1m[35m[2018-01-16 15:44:57][39m[22m - | Info | Database | Connection to database has been established successfully.
[1m[35m[2018-01-16 15:44:57][39m[22m - | Verbose | Database | Synchronising database...
[1m[35m[2018-01-16 15:44:57][39m[22m - | Info | Database | Done Synchronising database!
[1m[35m[2018-01-16 15:44:57][39m[22m - | Info | Core | [32mConnected to Discord gateway & 2 guilds.[39m
[1m[35m[2018-01-16 15:44:57][39m[22m - | Verbose | Core | Loading Command: Base64. 👌
[1m[35m[2018-01-16 15:44:57][39m[22m - | Verbose | Core | Created db entry for: base64.js. 👌
[1m[35m[2018-01-16 15:44:57][39m[22m - | Verbose | Core | Loading Command: Eval Command. 👌
[1m[35m[2018-01-16 15:44:57][39m[22m - | Verbose | Core | Created db entry for: eval.js. 👌
[1m[35m[2018-01-16 15:44:57][39m[22m - | Verbose | Core | Loading Command: FlipCoin. 👌
[1m[35m[2018-01-16 15:44:57][39m[22m - | Verbose | Core | Created db entry for: flipcoin.js. 👌
[1m[35m[2018-01-16 15:44:57][39m[22m - | Verbose | Core | Loading Command: Glyph. 👌
[1m[35m[2018-01-16 15:44:57][39m[22m - | Verbose | Core | Created db entry for: glyph.js. 👌
[1m[35m[2018-01-16 15:44:57][39m[22m - | Verbose | Core | Loading Command: Hug. 👌
[1m[35m[2018-01-16 15:44:57][39m[22m - | Verbose | Core | Created db entry for: hug.js. 👌
[1m[35m[2018-01-16 15:44:57][39m[22m - | Verbose | Core | Loading Command: Joke. 👌
[1m[35m[2018-01-16 15:44:57][39m[22m - | Verbose | Core | Created db entry for: joke.js. 👌
[1m[35m[2018-01-16 15:44:57][39m[22m - | Verbose | Core | Loading Command: Rotate 13. 👌
[1m[35m[2018-01-16 15:44:57][39m[22m - | Verbose | Core | Created db entry for: rot13.js. 👌
[1m[35m[2018-01-16 15:44:57][39m[22m - | Verbose | Core | Loading Command: Say. 👌
[1m[35m[2018-01-16 15:44:57][39m[22m - | Verbose | Core | Created db entry for: say.js. 👌
[1m[35m[2018-01-16 15:44:57][39m[22m - | Verbose | Core | Loading Command: Watchers. 👌
[1m[35m[2018-01-16 15:44:57][39m[22m - | Verbose | Core | Created db entry for: watcher.js. 👌
[1m[35m[2018-01-16 15:44:57][39m[22m - | Verbose | Core | Loading Command: WordGame. 👌
[1m[35m[2018-01-16 15:44:57][39m[22m - | Verbose | Core | Created db entry for: wgame.js. 👌
[1m[35m[2018-01-16 15:44:58][39m[22m - | Verbose | Core | Loading Command: Waking Titan Terminal Commands. 👌
[1m[35m[2018-01-16 15:44:58][39m[22m - | Verbose | Core | Created db entry for: wterminal.js. 👌
[1m[35m[2018-01-16 15:44:58][39m[22m - | Verbose | Core | Loading Command: Ban. 👌
[1m[35m[2018-01-16 15:44:58][39m[22m - | Verbose | Core | Created db entry for: ban.js. 👌
[1m[35m[2018-01-16 15:44:58][39m[22m - | Verbose | Core | Loading Command: Kick. 👌
[1m[35m[2018-01-16 15:44:58][39m[22m - | Verbose | Core | Created db entry for: kick.js. 👌
[1m[35m[2018-01-16 15:44:58][39m[22m - | Verbose | Core | Loading Command: Purge. 👌
[1m[35m[2018-01-16 15:44:58][39m[22m - | Verbose | Core | Created db entry for: purge.js. 👌
[1m[35m[2018-01-16 15:44:58][39m[22m - | Verbose | Core | Loading Command: Whois. 👌
[1m[35m[2018-01-16 15:44:58][39m[22m - | Verbose | Core | Created db entry for: whois.js. 👌
[1m[35m[2018-01-16 15:44:58][39m[22m - | Verbose | Core | Loading Command: Disable Command. 👌
[1m[35m[2018-01-16 15:44:58][39m[22m - | Verbose | Core | Created db entry for: disable.js. 👌
[1m[35m[2018-01-16 15:44:58][39m[22m - | Verbose | Core | Loading Command: Enable Command. 👌
[1m[35m[2018-01-16 15:44:58][39m[22m - | Verbose | Core | Created db entry for: enable.js. 👌
[1m[35m[2018-01-16 15:44:58][39m[22m - | Verbose | Core | Loading Command: Help. 👌
[1m[35m[2018-01-16 15:44:58][39m[22m - | Verbose | Core | Created db entry for: help.js. 👌
[1m[35m[2018-01-16 15:44:58][39m[22m - | Verbose | Core | Loading Command: List. 👌
[1m[35m[2018-01-16 15:44:58][39m[22m - | Verbose | Core | Created db entry for: list.js. 👌
[1m[35m[2018-01-16 15:44:58][39m[22m - | Verbose | Core | Loading Command: Load. 👌
[1m[35m[2018-01-16 15:44:58][39m[22m - | Verbose | Core | Created db entry for: load.js. 👌
[1m[35m[2018-01-16 15:44:58][39m[22m - | Verbose | Core | Loading Command: Ping. 👌
[1m[35m[2018-01-16 15:44:58][39m[22m - | Verbose | Core | Created db entry for: ping.js. 👌
[1m[35m[2018-01-16 15:44:58][39m[22m - | Verbose | Core | Loading Command: Reload Command. 👌
[1m[35m[2018-01-16 15:44:58][39m[22m - | Verbose | Core | Created db entry for: reload.js. 👌
[1m[35m[2018-01-16 15:44:58][39m[22m - | Verbose | Core | Loading Command: Server Setup. 👌
[1m[35m[2018-01-16 15:44:58][39m[22m - | Verbose | Core | Created db entry for: setup.js. 👌
[1m[35m[2018-01-16 15:44:58][39m[22m - | Verbose | Core | Loading Command: Stop. 👌
[1m[35m[2018-01-16 15:44:58][39m[22m - | Verbose | Core | Created db entry for: stop.js. 👌
[1m[35m[2018-01-16 15:44:58][39m[22m - | Info | Core | [32mLoaded 24 command(s) (Base64, Eval Command, FlipCoin, Glyph, Hug, Joke, Rotate 13, Say, Watchers, WordGame, Waking Titan Terminal Commands, Ban, Kick, Purge, Whois, Disable Command, Enable Command, Help, List, Load, Ping, Reload Command, Server Setup, Stop).[39m
[1m[35m[2018-01-16 15:44:58][39m[22m - | Verbose | Core | Loading Watcher: Mail Listener. 👌
[1m[35m[2018-01-16 15:44:58][39m[22m - | Verbose | Core | Loading Watcher: Waking Titan Terminal Watcher. 👌
[1m[35m[2018-01-16 15:44:58][39m[22m - | Verbose | Waking Titan Terminal Watcher | Waking Titan Terminal Watcher has initialised successfully.
[1m[35m[2018-01-16 15:44:58][39m[22m - | Verbose | Core | Loading Watcher: Waking Titan Sites & Glyphs. 👌
[1m[35m[2018-01-16 15:44:58][39m[22m - | Verbose | Waking Titan Sites & Glyphs | [32mWaking Titan Sites & Glyphs has initialised successfully.[39m
[1m[35m[2018-01-16 15:44:58][39m[22m - | Info | Core | [32mLoaded 3 watcher(s) (Mail Listener, Waking Titan Terminal Watcher, Waking Titan Sites & Glyphs) and skipped 0 ().[39m
[1m[35m[2018-01-16 15:44:58][39m[22m - | Debug | Mail Listener | [connection] Connected to host
[1m[35m[2018-01-16 15:44:59][39m[22m - | Debug | Mail Listener | <= '* OK [CAPABILITY IMAP4rev1 LITERAL+ SASL-IR LOGIN-REFERRALS ID ENABLE IDLE AUTH=PLAIN AUTH=LOGIN] Dovecot ready.'
[1m[35m[2018-01-16 15:44:59][39m[22m - | Debug | Mail Listener | => 'A0 CAPABILITY'
[1m[35m[2018-01-16 15:44:59][39m[22m - | Debug | Mail Listener | <= '* CAPABILITY IMAP4rev1 LITERAL+ SASL-IR LOGIN-REFERRALS ID ENABLE IDLE AUTH=PLAIN AUTH=LOGIN'
[1m[35m[2018-01-16 15:44:59][39m[22m - | Debug | Mail Listener | <= 'A0 OK Pre-login capabilities listed, post-login capabilities have more.'
[1m[35m[2018-01-16 15:44:59][39m[22m - | Debug | Mail Listener | => 'A1 LOGIN "tron@artemisbot.uk" "4aztll94"'
[1m[35m[2018-01-16 15:44:59][39m[22m - | Debug | Mail Listener | <= '* CAPABILITY IMAP4rev1 LITERAL+ SASL-IR LOGIN-REFERRALS ID ENABLE IDLE SORT SORT=DISPLAY THREAD=REFERENCES THREAD=REFS THREAD=ORDEREDSUBJECT MULTIAPPEND URL-PARTIAL CATENATE UNSELECT CHILDREN NAMESPACE UIDPLUS LIST-EXTENDED I18NLEVEL=1 CONDSTORE QRESYNC ESEARCH ESORT SEARCHRES WITHIN CONTEXT=SEARCH LIST-STATUS BINARY MOVE COMPRESS=DEFLATE QUOTA ACL RIGHTS=texk'
[1m[35m[2018-01-16 15:44:59][39m[22m - | Debug | Mail Listener | <= 'A1 OK Logged in'
[1m[35m[2018-01-16 15:44:59][39m[22m - | Debug | Mail Listener | => 'A2 NAMESPACE'
[1m[35m[2018-01-16 15:44:59][39m[22m - | Debug | Mail Listener | <= '* NAMESPACE (("" "/")) (("Shared/" "/")) NIL'
[1m[35m[2018-01-16 15:44:59][39m[22m - | Debug | Mail Listener | <= 'A2 OK Namespace completed (0.001 + 0.000 secs).'
[1m[35m[2018-01-16 15:44:59][39m[22m - | Debug | Mail Listener | => 'A3 LIST "" ""'
[1m[35m[2018-01-16 15:44:59][39m[22m - | Debug | Mail Listener | <= '* LIST (\\Noselect) "/" ""'
[1m[35m[2018-01-16 15:44:59][39m[22m - | Debug | Mail Listener | <= 'A3 OK List completed (0.001 + 0.000 secs).'
[1m[35m[2018-01-16 15:44:59][39m[22m - | Debug | Mail Listener | => 'A4 SELECT "INBOX" (CONDSTORE)'
[1m[35m[2018-01-16 15:44:59][39m[22m - | Debug | Mail Listener | <= '* FLAGS (\\Answered \\Flagged \\Deleted \\Seen \\Draft)'
[1m[35m[2018-01-16 15:44:59][39m[22m - | Debug | Mail Listener | <= '* OK [PERMANENTFLAGS (\\Answered \\Flagged \\Deleted \\Seen \\Draft \\*)] Flags permitted.'
[1m[35m[2018-01-16 15:44:59][39m[22m - | Debug | Mail Listener | <= '* 6 EXISTS'
[1m[35m[2018-01-16 15:44:59][39m[22m - | Debug | Mail Listener | <= '* 0 RECENT'
[1m[35m[2018-01-16 15:44:59][39m[22m - | Debug | Mail Listener | <= '* OK [UNSEEN 6] First unseen.'
[1m[35m[2018-01-16 15:44:59][39m[22m - | Debug | Mail Listener | <= '* OK [UIDVALIDITY 1515419977] UIDs valid'
[1m[35m[2018-01-16 15:44:59][39m[22m - | Debug | Mail Listener | <= '* OK [UIDNEXT 7] Predicted next UID'
[1m[35m[2018-01-16 15:44:59][39m[22m - | Debug | Mail Listener | <= '* OK [HIGHESTMODSEQ 15] Highest'
[1m[35m[2018-01-16 15:44:59][39m[22m - | Debug | Mail Listener | <= 'A4 OK [READ-WRITE] Select completed (0.002 + 0.000 + 0.001 secs).'
[1m[35m[2018-01-16 15:44:59][39m[22m - | Verbose | Mail Listener | Mail Listener has initialised successfully and connected to the IMAP server.
[1m[35m[2018-01-16 15:44:59][39m[22m - | Debug | Mail Listener | => 'IDLE IDLE'
[1m[35m[2018-01-16 15:44:59][39m[22m - | Debug | Mail Listener | <= '+ idling'
[1m[35m[2018-01-16 15:45:47][39m[22m - | Debug | Mail Listener | <= '* OK Still here'
[1m[35m[2018-01-16 15:47:09][39m[22m - | Info | Database | Connection to database has been established successfully.
[1m[35m[2018-01-16 15:47:09][39m[22m - | Verbose | Database | Synchronising database...
[1m[35m[2018-01-16 15:47:09][39m[22m - | Info | Database | Done Synchronising database!
[1m[35m[2018-01-16 15:47:09][39m[22m - | Info | Core | [32mConnected to Discord gateway & 2 guilds.[39m
[1m[35m[2018-01-16 15:47:09][39m[22m - | Verbose | Core | Loading Command: Base64. 👌
[1m[35m[2018-01-16 15:47:09][39m[22m - | Verbose | Core | Created db entry for: base64.js. 👌
[1m[35m[2018-01-16 15:47:09][39m[22m - | Verbose | Core | Loading Command: Eval Command. 👌
[1m[35m[2018-01-16 15:47:09][39m[22m - | Verbose | Core | Created db entry for: eval.js. 👌
[1m[35m[2018-01-16 15:47:09][39m[22m - | Verbose | Core | Loading Command: FlipCoin. 👌
[1m[35m[2018-01-16 15:47:09][39m[22m - | Verbose | Core | Created db entry for: flipcoin.js. 👌
[1m[35m[2018-01-16 15:47:09][39m[22m - | Verbose | Core | Loading Command: Glyph. 👌
[1m[35m[2018-01-16 15:47:09][39m[22m - | Verbose | Core | Created db entry for: glyph.js. 👌
[1m[35m[2018-01-16 15:47:09][39m[22m - | Verbose | Core | Loading Command: Hug. 👌
[1m[35m[2018-01-16 15:47:09][39m[22m - | Verbose | Core | Created db entry for: hug.js. 👌
[1m[35m[2018-01-16 15:47:09][39m[22m - | Verbose | Core | Loading Command: Joke. 👌
[1m[35m[2018-01-16 15:47:09][39m[22m - | Verbose | Core | Created db entry for: joke.js. 👌
[1m[35m[2018-01-16 15:47:09][39m[22m - | Verbose | Core | Loading Command: Rotate 13. 👌
[1m[35m[2018-01-16 15:47:09][39m[22m - | Verbose | Core | Created db entry for: rot13.js. 👌
[1m[35m[2018-01-16 15:47:09][39m[22m - | Verbose | Core | Loading Command: Say. 👌
[1m[35m[2018-01-16 15:47:09][39m[22m - | Verbose | Core | Created db entry for: say.js. 👌
[1m[35m[2018-01-16 15:47:09][39m[22m - | Verbose | Core | Loading Command: Watchers. 👌
[1m[35m[2018-01-16 15:47:09][39m[22m - | Verbose | Core | Created db entry for: watcher.js. 👌
[1m[35m[2018-01-16 15:47:09][39m[22m - | Verbose | Core | Loading Command: WordGame. 👌
[1m[35m[2018-01-16 15:47:09][39m[22m - | Verbose | Core | Created db entry for: wgame.js. 👌
[1m[35m[2018-01-16 15:47:09][39m[22m - | Verbose | Core | Loading Command: Waking Titan Terminal Commands. 👌
[1m[35m[2018-01-16 15:47:09][39m[22m - | Verbose | Core | Created db entry for: wterminal.js. 👌
[1m[35m[2018-01-16 15:47:09][39m[22m - | Verbose | Core | Loading Command: Ban. 👌
[1m[35m[2018-01-16 15:47:09][39m[22m - | Verbose | Core | Created db entry for: ban.js. 👌
[1m[35m[2018-01-16 15:47:09][39m[22m - | Verbose | Core | Loading Command: Kick. 👌
[1m[35m[2018-01-16 15:47:09][39m[22m - | Verbose | Core | Created db entry for: kick.js. 👌
[1m[35m[2018-01-16 15:47:09][39m[22m - | Verbose | Core | Loading Command: Purge. 👌
[1m[35m[2018-01-16 15:47:09][39m[22m - | Verbose | Core | Created db entry for: purge.js. 👌
[1m[35m[2018-01-16 15:47:09][39m[22m - | Verbose | Core | Loading Command: Whois. 👌
[1m[35m[2018-01-16 15:47:09][39m[22m - | Verbose | Core | Created db entry for: whois.js. 👌
[1m[35m[2018-01-16 15:47:09][39m[22m - | Verbose | Core | Loading Command: Disable Command. 👌
[1m[35m[2018-01-16 15:47:09][39m[22m - | Verbose | Core | Created db entry for: disable.js. 👌
[1m[35m[2018-01-16 15:47:09][39m[22m - | Verbose | Core | Loading Command: Enable Command. 👌
[1m[35m[2018-01-16 15:47:09][39m[22m - | Verbose | Core | Created db entry for: enable.js. 👌
[1m[35m[2018-01-16 15:47:09][39m[22m - | Verbose | Core | Loading Command: Help. 👌
[1m[35m[2018-01-16 15:47:09][39m[22m - | Verbose | Core | Created db entry for: help.js. 👌
[1m[35m[2018-01-16 15:47:09][39m[22m - | Verbose | Core | Loading Command: List. 👌
[1m[35m[2018-01-16 15:47:09][39m[22m - | Verbose | Core | Created db entry for: list.js. 👌
[1m[35m[2018-01-16 15:47:09][39m[22m - | Verbose | Core | Loading Command: Load. 👌
[1m[35m[2018-01-16 15:47:09][39m[22m - | Verbose | Core | Created db entry for: load.js. 👌
[1m[35m[2018-01-16 15:47:09][39m[22m - | Verbose | Core | Loading Command: Ping. 👌
[1m[35m[2018-01-16 15:47:09][39m[22m - | Verbose | Core | Created db entry for: ping.js. 👌
[1m[35m[2018-01-16 15:47:09][39m[22m - | Verbose | Core | Loading Command: Reload Command. 👌
[1m[35m[2018-01-16 15:47:09][39m[22m - | Verbose | Core | Created db entry for: reload.js. 👌
[1m[35m[2018-01-16 15:47:09][39m[22m - | Verbose | Core | Loading Command: Server Setup. 👌
[1m[35m[2018-01-16 15:47:09][39m[22m - | Verbose | Core | Created db entry for: setup.js. 👌
[1m[35m[2018-01-16 15:47:09][39m[22m - | Verbose | Core | Loading Command: Stop. 👌
[1m[35m[2018-01-16 15:47:09][39m[22m - | Verbose | Core | Created db entry for: stop.js. 👌
[1m[35m[2018-01-16 15:47:09][39m[22m - | Info | Core | [32mLoaded 24 command(s) (Base64, Eval Command, FlipCoin, Glyph, Hug, Joke, Rotate 13, Say, Watchers, WordGame, Waking Titan Terminal Commands, Ban, Kick, Purge, Whois, Disable Command, Enable Command, Help, List, Load, Ping, Reload Command, Server Setup, Stop).[39m
[1m[35m[2018-01-16 15:47:09][39m[22m - | Verbose | Core | Loading Watcher: Mail Listener. 👌
[1m[35m[2018-01-16 15:47:09][39m[22m - | Verbose | Core | Loading Watcher: Waking Titan Terminal Watcher. 👌
[1m[35m[2018-01-16 15:47:09][39m[22m - | Verbose | Waking Titan Terminal Watcher | Waking Titan Terminal Watcher has initialised successfully.
[1m[35m[2018-01-16 15:47:09][39m[22m - | Verbose | Core | Loading Watcher: Waking Titan Sites & Glyphs. 👌
[1m[35m[2018-01-16 15:47:09][39m[22m - | Verbose | Waking Titan Sites & Glyphs | [32mWaking Titan Sites & Glyphs has initialised successfully.[39m
[1m[35m[2018-01-16 15:47:09][39m[22m - | Info | Core | [32mLoaded 3 watcher(s) (Mail Listener, Waking Titan Terminal Watcher, Waking Titan Sites & Glyphs) and skipped 0 ().[39m
[1m[35m[2018-01-16 15:47:10][39m[22m - | Debug | Mail Listener | [connection] Connected to host
[1m[35m[2018-01-16 15:47:10][39m[22m - | Debug | Mail Listener | <= '* OK [CAPABILITY IMAP4rev1 LITERAL+ SASL-IR LOGIN-REFERRALS ID ENABLE IDLE AUTH=PLAIN AUTH=LOGIN] Dovecot ready.'
[1m[35m[2018-01-16 15:47:10][39m[22m - | Debug | Mail Listener | => 'A0 CAPABILITY'
[1m[35m[2018-01-16 15:47:10][39m[22m - | Debug | Mail Listener | <= '* CAPABILITY IMAP4rev1 LITERAL+ SASL-IR LOGIN-REFERRALS ID ENABLE IDLE AUTH=PLAIN AUTH=LOGIN'
[1m[35m[2018-01-16 15:47:10][39m[22m - | Debug | Mail Listener | <= 'A0 OK Pre-login capabilities listed, post-login capabilities have more.'
[1m[35m[2018-01-16 15:47:10][39m[22m - | Debug | Mail Listener | => 'A1 LOGIN "tron@artemisbot.uk" "4aztll94"'
[1m[35m[2018-01-16 15:47:10][39m[22m - | Debug | Mail Listener | <= '* CAPABILITY IMAP4rev1 LITERAL+ SASL-IR LOGIN-REFERRALS ID ENABLE IDLE SORT SORT=DISPLAY THREAD=REFERENCES THREAD=REFS THREAD=ORDEREDSUBJECT MULTIAPPEND URL-PARTIAL CATENATE UNSELECT CHILDREN NAMESPACE UIDPLUS LIST-EXTENDED I18NLEVEL=1 CONDSTORE QRESYNC ESEARCH ESORT SEARCHRES WITHIN CONTEXT=SEARCH LIST-STATUS BINARY MOVE COMPRESS=DEFLATE QUOTA ACL RIGHTS=texk'
[1m[35m[2018-01-16 15:47:10][39m[22m - | Debug | Mail Listener | <= 'A1 OK Logged in'
[1m[35m[2018-01-16 15:47:10][39m[22m - | Debug | Mail Listener | => 'A2 NAMESPACE'
[1m[35m[2018-01-16 15:47:10][39m[22m - | Debug | Mail Listener | <= '* NAMESPACE (("" "/")) (("Shared/" "/")) NIL'
[1m[35m[2018-01-16 15:47:10][39m[22m - | Debug | Mail Listener | <= 'A2 OK Namespace completed (0.001 + 0.000 secs).'
[1m[35m[2018-01-16 15:47:10][39m[22m - | Debug | Mail Listener | => 'A3 LIST "" ""'
[1m[35m[2018-01-16 15:47:10][39m[22m - | Debug | Mail Listener | <= '* LIST (\\Noselect) "/" ""'
[1m[35m[2018-01-16 15:47:10][39m[22m - | Debug | Mail Listener | <= 'A3 OK List completed (0.001 + 0.000 secs).'
[1m[35m[2018-01-16 15:47:10][39m[22m - | Debug | Mail Listener | => 'A4 SELECT "INBOX" (CONDSTORE)'
[1m[35m[2018-01-16 15:47:10][39m[22m - | Debug | Mail Listener | <= '* FLAGS (\\Answered \\Flagged \\Deleted \\Seen \\Draft)'
[1m[35m[2018-01-16 15:47:10][39m[22m - | Debug | Mail Listener | <= '* OK [PERMANENTFLAGS (\\Answered \\Flagged \\Deleted \\Seen \\Draft \\*)] Flags permitted.'
[1m[35m[2018-01-16 15:47:10][39m[22m - | Debug | Mail Listener | <= '* 6 EXISTS'
[1m[35m[2018-01-16 15:47:10][39m[22m - | Debug | Mail Listener | <= '* 0 RECENT'
[1m[35m[2018-01-16 15:47:10][39m[22m - | Debug | Mail Listener | <= '* OK [UNSEEN 6] First unseen.'
[1m[35m[2018-01-16 15:47:10][39m[22m - | Debug | Mail Listener | <= '* OK [UIDVALIDITY 1515419977] UIDs valid'
[1m[35m[2018-01-16 15:47:10][39m[22m - | Debug | Mail Listener | <= '* OK [UIDNEXT 7] Predicted next UID'
[1m[35m[2018-01-16 15:47:10][39m[22m - | Debug | Mail Listener | <= '* OK [HIGHESTMODSEQ 15] Highest'
[1m[35m[2018-01-16 15:47:10][39m[22m - | Debug | Mail Listener | <= 'A4 OK [READ-WRITE] Select completed (0.001 + 0.000 + 0.001 secs).'
[1m[35m[2018-01-16 15:47:10][39m[22m - | Verbose | Mail Listener | Mail Listener has initialised successfully and connected to the IMAP server.
[1m[35m[2018-01-16 15:47:10][39m[22m - | Debug | Mail Listener | => 'IDLE IDLE'
[1m[35m[2018-01-16 15:47:11][39m[22m - | Debug | Mail Listener | <= '+ idling'
[1m[35m[2018-01-16 15:47:48][39m[22m - | Debug | Mail Listener | <= '* OK Still here'
[1m[35m[2018-01-16 15:49:47][39m[22m - | Debug | Mail Listener | <= '* OK Still here'
[1m[35m[2018-01-16 15:51:47][39m[22m - | Debug | Mail Listener | <= '* OK Still here'
[1m[35m[2018-01-16 15:52:20][39m[22m - | Debug | Mail Listener | => DONE
[1m[35m[2018-01-16 15:52:21][39m[22m - | Debug | Mail Listener | <= 'IDLE OK Idle completed (310.021 + 310.020 + 310.021 secs).'
[1m[35m[2018-01-16 15:52:21][39m[22m - | Debug | Mail Listener | => 'IDLE IDLE'
[1m[35m[2018-01-16 15:52:21][39m[22m - | Debug | Mail Listener | <= '+ idling'
[1m[35m[2018-01-16 15:53:47][39m[22m - | Debug | Mail Listener | <= '* OK Still here'
[1m[35m[2018-01-16 15:55:47][39m[22m - | Debug | Mail Listener | <= '* OK Still here'
[1m[35m[2018-01-16 15:57:31][39m[22m - | Debug | Mail Listener | => DONE
[1m[35m[2018-01-16 15:57:31][39m[22m - | Debug | Mail Listener | <= 'IDLE OK Idle completed (310.031 + 310.030 + 310.030 secs).'
[1m[35m[2018-01-16 15:57:31][39m[22m - | Debug | Mail Listener | => 'IDLE IDLE'
[1m[35m[2018-01-16 15:57:31][39m[22m - | Debug | Mail Listener | <= '+ idling'
[1m[35m[2018-01-16 15:57:47][39m[22m - | Debug | Mail Listener | <= '* OK Still here'
[1m[35m[2018-01-16 15:59:47][39m[22m - | Debug | Mail Listener | <= '* OK Still here'
[1m[35m[2018-01-16 16:01:47][39m[22m - | Debug | Mail Listener | <= '* OK Still here'
[1m[35m[2018-01-16 16:02:41][39m[22m - | Debug | Mail Listener | => DONE
[1m[35m[2018-01-16 16:02:41][39m[22m - | Debug | Mail Listener | <= 'IDLE OK Idle completed (310.030 + 310.028 + 310.029 secs).'
[1m[35m[2018-01-16 16:02:41][39m[22m - | Debug | Mail Listener | => 'IDLE IDLE'
[1m[35m[2018-01-16 16:02:41][39m[22m - | Debug | Mail Listener | <= '+ idling'
[1m[35m[2018-01-16 16:03:47][39m[22m - | Debug | Mail Listener | <= '* OK Still here'
[1m[35m[2018-01-16 16:05:47][39m[22m - | Debug | Mail Listener | <= '* OK Still here'
[1m[35m[2018-01-16 16:07:47][39m[22m - | Debug | Mail Listener | <= '* OK Still here'
[1m[35m[2018-01-16 16:07:51][39m[22m - | Debug | Mail Listener | => DONE
[1m[35m[2018-01-16 16:07:51][39m[22m - | Debug | Mail Listener | <= 'IDLE OK Idle completed (310.028 + 310.026 + 310.027 secs).'
[1m[35m[2018-01-16 16:07:51][39m[22m - | Debug | Mail Listener | => 'IDLE IDLE'
[1m[35m[2018-01-16 16:07:51][39m[22m - | Debug | Mail Listener | <= '+ idling'
[1m[35m[2018-01-16 16:09:47][39m[22m - | Debug | Mail Listener | <= '* OK Still here'
[1m[35m[2018-01-16 16:10:27][39m[22m - | Info | Reload Command | pamehabai6#5480 has reloaded glyph on No Man's Sky Modding.
[1m[35m[2018-01-16 16:11:47][39m[22m - | Debug | Mail Listener | <= '* OK Still here'
[1m[35m[2018-01-16 16:12:07][39m[22m - | Info | Reload Command | pamehabai6#5480 has reloaded glyph on No Man's Sky Modding.
[1m[35m[2018-01-16 16:13:01][39m[22m - | Debug | Mail Listener | => DONE
[1m[35m[2018-01-16 16:13:01][39m[22m - | Debug | Mail Listener | <= 'IDLE OK Idle completed (310.028 + 310.027 + 310.027 secs).'
[1m[35m[2018-01-16 16:13:01][39m[22m - | Debug | Mail Listener | => 'IDLE IDLE'
[1m[35m[2018-01-16 16:13:01][39m[22m - | Debug | Mail Listener | <= '+ idling'
[1m[35m[2018-01-16 16:13:47][39m[22m - | Debug | Mail Listener | <= '* OK Still here'
[1m[35m[2018-01-16 16:15:47][39m[22m - | Debug | Mail Listener | <= '* OK Still here'
[1m[35m[2018-01-16 16:17:47][39m[22m - | Debug | Mail Listener | <= '* OK Still here'
[1m[35m[2018-01-16 16:18:11][39m[22m - | Debug | Mail Listener | => DONE
[1m[35m[2018-01-16 16:18:11][39m[22m - | Debug | Mail Listener | <= 'IDLE OK Idle completed (310.024 + 310.023 + 310.023 secs).'
[1m[35m[2018-01-16 16:18:11][39m[22m - | Debug | Mail Listener | => 'IDLE IDLE'
[1m[35m[2018-01-16 16:18:11][39m[22m - | Debug | Mail Listener | <= '+ idling'
[1m[35m[2018-01-16 16:19:47][39m[22m - | Debug | Mail Listener | <= '* OK Still here'
[1m[35m[2018-01-16 16:21:47][39m[22m - | Debug | Mail Listener | <= '* OK Still here'
[1m[35m[2018-01-16 16:23:21][39m[22m - | Debug | Mail Listener | => DONE
[1m[35m[2018-01-16 16:23:21][39m[22m - | Debug | Mail Listener | <= 'IDLE OK Idle completed (310.021 + 310.020 + 310.020 secs).'
[1m[35m[2018-01-16 16:23:21][39m[22m - | Debug | Mail Listener | => 'IDLE IDLE'
[1m[35m[2018-01-16 16:23:21][39m[22m - | Debug | Mail Listener | <= '+ idling'
[1m[35m[2018-01-16 16:23:47][39m[22m - | Debug | Mail Listener | <= '* OK Still here'
[1m[35m[2018-01-16 16:25:47][39m[22m - | Debug | Mail Listener | <= '* OK Still here'
[1m[35m[2018-01-16 16:27:47][39m[22m - | Debug | Mail Listener | <= '* OK Still here'
[1m[35m[2018-01-16 16:28:31][39m[22m - | Debug | Mail Listener | => DONE
[1m[35m[2018-01-16 16:28:31][39m[22m - | Debug | Mail Listener | <= 'IDLE OK Idle completed (310.028 + 310.026 + 310.027 secs).'
[1m[35m[2018-01-16 16:28:31][39m[22m - | Debug | Mail Listener | => 'IDLE IDLE'
[1m[35m[2018-01-16 16:28:31][39m[22m - | Debug | Mail Listener | <= '+ idling'
[1m[35m[2018-01-16 16:29:47][39m[22m - | Debug | Mail Listener | <= '* OK Still here'
[1m[35m[2018-01-16 16:31:47][39m[22m - | Debug | Mail Listener | <= '* OK Still here'
[1m[35m[2018-01-16 16:33:41][39m[22m - | Debug | Mail Listener | => DONE
[1m[35m[2018-01-16 16:33:41][39m[22m - | Debug | Mail Listener | <= 'IDLE OK Idle completed (310.023 + 310.022 + 310.022 secs).'
[1m[35m[2018-01-16 16:33:41][39m[22m - | Debug | Mail Listener | => 'IDLE IDLE'
[1m[35m[2018-01-16 16:33:42][39m[22m - | Debug | Mail Listener | <= '+ idling'
[1m[35m[2018-01-16 16:33:47][39m[22m - | Debug | Mail Listener | <= '* OK Still here'
[1m[35m[2018-01-16 16:35:47][39m[22m - | Debug | Mail Listener | <= '* OK Still here'
[1m[35m[2018-01-16 16:37:47][39m[22m - | Debug | Mail Listener | <= '* OK Still here'
[1m[35m[2018-01-16 16:38:52][39m[22m - | Debug | Mail Listener | => DONE
[1m[35m[2018-01-16 16:38:52][39m[22m - | Debug | Mail Listener | <= 'IDLE OK Idle completed (310.029 + 310.027 + 310.028 secs).'
[1m[35m[2018-01-16 16:38:52][39m[22m - | Debug | Mail Listener | => 'IDLE IDLE'
[1m[35m[2018-01-16 16:38:52][39m[22m - | Debug | Mail Listener | <= '+ idling'
[1m[35m[2018-01-16 16:39:47][39m[22m - | Debug | Mail Listener | <= '* OK Still here'
[1m[35m[2018-01-16 16:41:47][39m[22m - | Debug | Mail Listener | <= '* OK Still here'
[1m[35m[2018-01-16 16:43:47][39m[22m - | Debug | Mail Listener | <= '* OK Still here'
[1m[35m[2018-01-16 16:44:02][39m[22m - | Debug | Mail Listener | => DONE
[1m[35m[2018-01-16 16:44:02][39m[22m - | Debug | Mail Listener | <= 'IDLE OK Idle completed (310.031 + 310.030 + 310.030 secs).'
[1m[35m[2018-01-16 16:44:02][39m[22m - | Debug | Mail Listener | => 'IDLE IDLE'
[1m[35m[2018-01-16 16:44:02][39m[22m - | Debug | Mail Listener | <= '+ idling'
[1m[35m[2018-01-16 16:44:38][39m[22m - | Info | Reload Command | pamehabai6#5480 has reloaded glyph on No Man's Sky Modding.
[1m[35m[2018-01-16 16:44:45][39m[22m - | Error | Core | [1m[31mUncaught Promise Error: [39m[22m
[1m[31mReferenceError: msg is not defined[39m[22m
[1m[31m    at Validate (/home/ubuntu/Tron/cmds/fun/glyph.js:19:2)[39m[22m
[1m[31m    at Object.exports.func (/home/ubuntu/Tron/cmds/fun/glyph.js:40:6)[39m[22m
[1m[31m    at Client.bot.on (/home/ubuntu/Tron/main.js:262:9)[39m[22m
[1m[31m    at <anonymous>[39m[22m
[1m[35m[2018-01-16 16:45:47][39m[22m - | Debug | Mail Listener | <= '* OK Still here'
[1m[35m[2018-01-16 16:47:24][39m[22m - | Info | Reload Command | pamehabai6#5480 has reloaded glyph on No Man's Sky Modding.
[1m[35m[2018-01-16 16:47:47][39m[22m - | Debug | Mail Listener | <= '* OK Still here'
[1m[35m[2018-01-16 16:48:02][39m[22m - | Info | Reload Command | pamehabai6#5480 has reloaded glyph on No Man's Sky Modding.
[1m[35m[2018-01-16 16:48:14][39m[22m - | Error | Core | [1m[31mSomething went wrong when handling a message: TypeError: Cannot read property 'anywhere' of undefined[39m[22m
[1m[35m[2018-01-16 16:49:12][39m[22m - | Debug | Mail Listener | => DONE
[1m[35m[2018-01-16 16:49:12][39m[22m - | Debug | Mail Listener | <= 'IDLE OK Idle completed (310.024 + 310.023 + 310.023 secs).'
[1m[35m[2018-01-16 16:49:12][39m[22m - | Debug | Mail Listener | => 'IDLE IDLE'
[1m[35m[2018-01-16 16:49:12][39m[22m - | Debug | Mail Listener | <= '+ idling'
[1m[35m[2018-01-16 16:49:20][39m[22m - | Info | Reload Command | pamehabai6#5480 has reloaded glyph on No Man's Sky Modding.
[1m[35m[2018-01-16 16:49:47][39m[22m - | Debug | Mail Listener | <= '* OK Still here'
[1m[35m[2018-01-16 16:51:33][39m[22m - | Info | Reload Command | pamehabai6#5480 has reloaded glyph on No Man's Sky Modding.
[1m[35m[2018-01-16 16:51:47][39m[22m - | Debug | Mail Listener | <= '* OK Still here'
[1m[35m[2018-01-16 16:53:47][39m[22m - | Debug | Mail Listener | <= '* OK Still here'
[1m[35m[2018-01-16 16:54:22][39m[22m - | Debug | Mail Listener | => DONE
[1m[35m[2018-01-16 16:54:22][39m[22m - | Debug | Mail Listener | <= 'IDLE OK Idle completed (310.022 + 310.021 + 310.021 secs).'
[1m[35m[2018-01-16 16:54:22][39m[22m - | Debug | Mail Listener | => 'IDLE IDLE'
[1m[35m[2018-01-16 16:54:22][39m[22m - | Debug | Mail Listener | <= '+ idling'
[1m[35m[2018-01-16 16:55:47][39m[22m - | Debug | Mail Listener | <= '* OK Still here'
[1m[35m[2018-01-16 16:57:47][39m[22m - | Debug | Mail Listener | <= '* OK Still here'
[1m[35m[2018-01-16 16:59:32][39m[22m - | Debug | Mail Listener | => DONE
[1m[35m[2018-01-16 16:59:32][39m[22m - | Debug | Mail Listener | <= 'IDLE OK Idle completed (310.015 + 310.013 + 310.014 secs).'
[1m[35m[2018-01-16 16:59:32][39m[22m - | Debug | Mail Listener | => 'IDLE IDLE'
[1m[35m[2018-01-16 16:59:32][39m[22m - | Debug | Mail Listener | <= '+ idling'
[1m[35m[2018-01-16 16:59:47][39m[22m - | Debug | Mail Listener | <= '* OK Still here'
[1m[35m[2018-01-16 17:01:47][39m[22m - | Debug | Mail Listener | <= '* OK Still here'
[1m[35m[2018-01-16 17:03:47][39m[22m - | Debug | Mail Listener | <= '* OK Still here'
[1m[35m[2018-01-16 17:04:42][39m[22m - | Debug | Mail Listener | => DONE
[1m[35m[2018-01-16 17:04:42][39m[22m - | Debug | Mail Listener | <= 'IDLE OK Idle completed (310.014 + 310.013 + 310.013 secs).'
[1m[35m[2018-01-16 17:04:42][39m[22m - | Debug | Mail Listener | => 'IDLE IDLE'
[1m[35m[2018-01-16 17:04:42][39m[22m - | Debug | Mail Listener | <= '+ idling'
[1m[35m[2018-01-16 17:05:47][39m[22m - | Debug | Mail Listener | <= '* OK Still here'
[1m[35m[2018-01-16 17:07:47][39m[22m - | Debug | Mail Listener | <= '* OK Still here'
[1m[35m[2018-01-16 17:07:56][39m[22m - | Info | Reload Command | pamehabai6#5480 has reloaded glyph on No Man's Sky Modding.
[1m[35m[2018-01-16 17:09:47][39m[22m - | Debug | Mail Listener | <= '* OK Still here'
[1m[35m[2018-01-16 17:09:52][39m[22m - | Debug | Mail Listener | => DONE
[1m[35m[2018-01-16 17:09:52][39m[22m - | Debug | Mail Listener | <= 'IDLE OK Idle completed (310.026 + 310.024 + 310.025 secs).'
[1m[35m[2018-01-16 17:09:52][39m[22m - | Debug | Mail Listener | => 'IDLE IDLE'
[1m[35m[2018-01-16 17:09:52][39m[22m - | Debug | Mail Listener | <= '+ idling'
[1m[35m[2018-01-16 17:11:47][39m[22m - | Debug | Mail Listener | <= '* OK Still here'
[1m[35m[2018-01-16 17:13:11][39m[22m - | Info | Reload Command | pamehabai6#5480 has reloaded glyph on No Man's Sky Modding.
[1m[35m[2018-01-16 17:13:21][39m[22m - | Info | Core | Created db entry for command decode.
[1m[35m[2018-01-16 17:13:47][39m[22m - | Debug | Mail Listener | <= '* OK Still here'
[1m[35m[2018-01-16 17:13:53][39m[22m - | Info | Reload Command | pamehabai6#5480 has reloaded glyph on No Man's Sky Modding.
[1m[35m[2018-01-16 17:15:02][39m[22m - | Debug | Mail Listener | => DONE
[1m[35m[2018-01-16 17:15:02][39m[22m - | Debug | Mail Listener | <= 'IDLE OK Idle completed (310.028 + 310.028 + 310.027 secs).'
[1m[35m[2018-01-16 17:15:02][39m[22m - | Debug | Mail Listener | => 'IDLE IDLE'
[1m[35m[2018-01-16 17:15:02][39m[22m - | Debug | Mail Listener | <= '+ idling'
[1m[35m[2018-01-16 17:15:47][39m[22m - | Debug | Mail Listener | <= '* OK Still here'
[1m[35m[2018-01-16 17:16:10][39m[22m - | Info | Reload Command | pamehabai6#5480 has reloaded glyph on No Man's Sky Modding.
[1m[35m[2018-01-16 17:17:47][39m[22m - | Debug | Mail Listener | <= '* OK Still here'
[1m[35m[2018-01-16 17:18:41][39m[22m - | Info | Reload Command | pamehabai6#5480 has reloaded glyph on No Man's Sky Modding.
[1m[35m[2018-01-16 17:19:47][39m[22m - | Debug | Mail Listener | <= '* OK Still here'
[1m[35m[2018-01-16 17:20:11][39m[22m - | Info | Core | Created db entry for command eval.
[1m[35m[2018-01-16 17:20:11][39m[22m - | Info | Eval Command | pamehabai6 (pamehabai6#5480) has used eval in #botspam on No Man's Sky Modding.
[1m[35m[2018-01-16 17:20:12][39m[22m - | Debug | Mail Listener | => DONE
[1m[35m[2018-01-16 17:20:12][39m[22m - | Debug | Mail Listener | <= 'IDLE OK Idle completed (310.025 + 310.024 + 310.024 secs).'
[1m[35m[2018-01-16 17:20:12][39m[22m - | Debug | Mail Listener | => 'IDLE IDLE'
[1m[35m[2018-01-16 17:20:13][39m[22m - | Debug | Mail Listener | <= '+ idling'
[1m[35m[2018-01-16 17:20:26][39m[22m - | Info | Eval Command | pamehabai6 (pamehabai6#5480) has used eval in #botspam on No Man's Sky Modding.
[1m[35m[2018-01-16 17:21:09][39m[22m - | Info | Eval Command | pamehabai6 (pamehabai6#5480) has used eval in #botspam on No Man's Sky Modding.
[1m[35m[2018-01-16 17:21:47][39m[22m - | Debug | Mail Listener | <= '* OK Still here'
[1m[35m[2018-01-16 17:23:24][39m[22m - | Info | Reload Command | pamehabai6#5480 has reloaded glyph on No Man's Sky Modding.
[1m[35m[2018-01-16 17:23:47][39m[22m - | Debug | Mail Listener | <= '* OK Still here'
[1m[35m[2018-01-16 17:25:18][39m[22m - | Info | Reload Command | pamehabai6#5480 has reloaded glyph on No Man's Sky Modding.
[1m[35m[2018-01-16 17:25:23][39m[22m - | Debug | Mail Listener | => DONE
[1m[35m[2018-01-16 17:25:23][39m[22m - | Debug | Mail Listener | <= 'IDLE OK Idle completed (310.023 + 310.022 + 310.022 secs).'
[1m[35m[2018-01-16 17:25:23][39m[22m - | Debug | Mail Listener | => 'IDLE IDLE'
[1m[35m[2018-01-16 17:25:23][39m[22m - | Debug | Mail Listener | <= '+ idling'
[1m[35m[2018-01-16 17:25:47][39m[22m - | Debug | Mail Listener | <= '* OK Still here'
[1m[35m[2018-01-16 17:26:04][39m[22m - | Info | Reload Command | pamehabai6#5480 has reloaded glyph on No Man's Sky Modding.
[1m[35m[2018-01-16 17:26:21][39m[22m - | Info | Reload Command | pamehabai6#5480 has reloaded glyph on No Man's Sky Modding.
[1m[35m[2018-01-16 17:26:58][39m[22m - | Info | Reload Command | pamehabai6#5480 has reloaded glyph on No Man's Sky Modding.
[1m[35m[2018-01-16 17:27:29][39m[22m - | Info | Reload Command | pamehabai6#5480 has reloaded glyph on No Man's Sky Modding.
[1m[35m[2018-01-16 17:27:47][39m[22m - | Debug | Mail Listener | <= '* OK Still here'
[1m[35m[2018-01-16 17:28:01][39m[22m - | Info | Reload Command | pamehabai6#5480 has reloaded glyph on No Man's Sky Modding.
[1m[35m[2018-01-16 17:28:39][39m[22m - | Info | Reload Command | pamehabai6#5480 has reloaded glyph on No Man's Sky Modding.
[1m[35m[2018-01-16 17:29:47][39m[22m - | Debug | Mail Listener | <= '* OK Still here'
[1m[35m[2018-01-16 17:30:33][39m[22m - | Debug | Mail Listener | => DONE
[1m[35m[2018-01-16 17:30:33][39m[22m - | Debug | Mail Listener | <= 'IDLE OK Idle completed (310.032 + 310.031 + 310.031 secs).'
[1m[35m[2018-01-16 17:30:33][39m[22m - | Debug | Mail Listener | => 'IDLE IDLE'
[1m[35m[2018-01-16 17:30:33][39m[22m - | Debug | Mail Listener | <= '+ idling'
[1m[35m[2018-01-16 17:30:41][39m[22m - | Info | Reload Command | pamehabai6#5480 has reloaded glyph on No Man's Sky Modding.
[1m[35m[2018-01-16 17:31:07][39m[22m - | Info | Purge | pamehabai6 (pamehabai6#5480) deleted 21 messages. 
[1m[35m[2018-01-16 17:31:11][39m[22m - | Info | Core | Created db entry for command prge.
[1m[35m[2018-01-16 17:31:38][39m[22m - | Info | Reload Command | pamehabai6#5480 has reloaded glyph on No Man's Sky Modding.
[1m[35m[2018-01-16 17:31:47][39m[22m - | Debug | Mail Listener | <= '* OK Still here'
[1m[35m[2018-01-16 17:32:03][39m[22m - | Info | Reload Command | pamehabai6#5480 has reloaded glyph on No Man's Sky Modding.
[1m[35m[2018-01-16 17:33:47][39m[22m - | Debug | Mail Listener | <= '* OK Still here'
[1m[35m[2018-01-16 17:35:43][39m[22m - | Debug | Mail Listener | => DONE
[1m[35m[2018-01-16 17:35:43][39m[22m - | Debug | Mail Listener | <= 'IDLE OK Idle completed (310.016 + 310.014 + 310.015 secs).'
[1m[35m[2018-01-16 17:35:43][39m[22m - | Debug | Mail Listener | => 'IDLE IDLE'
[1m[35m[2018-01-16 17:35:43][39m[22m - | Debug | Mail Listener | <= '+ idling'
[1m[35m[2018-01-16 17:35:47][39m[22m - | Debug | Mail Listener | <= '* OK Still here'
[1m[35m[2018-01-16 17:37:47][39m[22m - | Debug | Mail Listener | <= '* OK Still here'
[1m[35m[2018-01-16 17:39:47][39m[22m - | Debug | Mail Listener | <= '* OK Still here'
[1m[35m[2018-01-16 17:40:53][39m[22m - | Debug | Mail Listener | => DONE
[1m[35m[2018-01-16 17:40:53][39m[22m - | Debug | Mail Listener | <= 'IDLE OK Idle completed (310.014 + 310.013 + 310.014 secs).'
[1m[35m[2018-01-16 17:40:53][39m[22m - | Debug | Mail Listener | => 'IDLE IDLE'
[1m[35m[2018-01-16 17:40:53][39m[22m - | Debug | Mail Listener | <= '+ idling'
[1m[35m[2018-01-16 17:41:47][39m[22m - | Debug | Mail Listener | <= '* OK Still here'
[1m[35m[2018-01-16 17:43:47][39m[22m - | Debug | Mail Listener | <= '* OK Still here'
[1m[35m[2018-01-16 17:45:47][39m[22m - | Debug | Mail Listener | <= '* OK Still here'
[1m[35m[2018-01-16 17:46:03][39m[22m - | Debug | Mail Listener | => DONE
[1m[35m[2018-01-16 17:46:03][39m[22m - | Debug | Mail Listener | <= 'IDLE OK Idle completed (310.013 + 310.012 + 310.012 secs).'
[1m[35m[2018-01-16 17:46:03][39m[22m - | Debug | Mail Listener | => 'IDLE IDLE'
[1m[35m[2018-01-16 17:46:03][39m[22m - | Debug | Mail Listener | <= '+ idling'
[1m[35m[2018-01-16 17:47:47][39m[22m - | Debug | Mail Listener | <= '* OK Still here'
[1m[35m[2018-01-16 17:49:47][39m[22m - | Debug | Mail Listener | <= '* OK Still here'
[1m[35m[2018-01-16 17:51:13][39m[22m - | Debug | Mail Listener | => DONE
[1m[35m[2018-01-16 17:51:13][39m[22m - | Debug | Mail Listener | <= 'IDLE OK Idle completed (310.022 + 310.021 + 310.021 secs).'
[1m[35m[2018-01-16 17:51:13][39m[22m - | Debug | Mail Listener | => 'IDLE IDLE'
[1m[35m[2018-01-16 17:51:13][39m[22m - | Debug | Mail Listener | <= '+ idling'
[1m[35m[2018-01-16 17:51:47][39m[22m - | Debug | Mail Listener | <= '* OK Still here'
[1m[35m[2018-01-16 17:53:47][39m[22m - | Debug | Mail Listener | <= '* OK Still here'
[1m[35m[2018-01-16 17:55:47][39m[22m - | Debug | Mail Listener | <= '* OK Still here'
[1m[35m[2018-01-16 17:56:23][39m[22m - | Debug | Mail Listener | => DONE
[1m[35m[2018-01-16 17:56:23][39m[22m - | Debug | Mail Listener | <= 'IDLE OK Idle completed (310.025 + 310.024 + 310.025 secs).'
[1m[35m[2018-01-16 17:56:23][39m[22m - | Debug | Mail Listener | => 'IDLE IDLE'
[1m[35m[2018-01-16 17:56:23][39m[22m - | Debug | Mail Listener | <= '+ idling'
[1m[35m[2018-01-16 17:57:47][39m[22m - | Debug | Mail Listener | <= '* OK Still here'
[1m[35m[2018-01-16 17:59:47][39m[22m - | Debug | Mail Listener | <= '* OK Still here'
[1m[35m[2018-01-16 18:01:33][39m[22m - | Debug | Mail Listener | => DONE
[1m[35m[2018-01-16 18:01:33][39m[22m - | Debug | Mail Listener | <= 'IDLE OK Idle completed (310.028 + 310.027 + 310.027 secs).'
[1m[35m[2018-01-16 18:01:33][39m[22m - | Debug | Mail Listener | => 'IDLE IDLE'
[1m[35m[2018-01-16 18:01:33][39m[22m - | Debug | Mail Listener | <= '+ idling'
[1m[35m[2018-01-16 18:01:47][39m[22m - | Debug | Mail Listener | <= '* OK Still here'
[1m[35m[2018-01-16 18:03:47][39m[22m - | Debug | Mail Listener | <= '* OK Still here'
[1m[35m[2018-01-16 18:05:47][39m[22m - | Debug | Mail Listener | <= '* OK Still here'
[1m[35m[2018-01-16 18:06:43][39m[22m - | Debug | Mail Listener | => DONE
[1m[35m[2018-01-16 18:06:43][39m[22m - | Debug | Mail Listener | <= 'IDLE OK Idle completed (310.023 + 310.022 + 310.022 secs).'
[1m[35m[2018-01-16 18:06:43][39m[22m - | Debug | Mail Listener | => 'IDLE IDLE'
[1m[35m[2018-01-16 18:06:44][39m[22m - | Debug | Mail Listener | <= '+ idling'
[1m[35m[2018-01-16 18:07:47][39m[22m - | Debug | Mail Listener | <= '* OK Still here'
[1m[35m[2018-01-16 18:09:47][39m[22m - | Debug | Mail Listener | <= '* OK Still here'
[1m[35m[2018-01-16 18:11:47][39m[22m - | Debug | Mail Listener | <= '* OK Still here'
[1m[35m[2018-01-16 18:11:54][39m[22m - | Debug | Mail Listener | => DONE
[1m[35m[2018-01-16 18:11:54][39m[22m - | Debug | Mail Listener | <= 'IDLE OK Idle completed (310.023 + 310.022 + 310.022 secs).'
[1m[35m[2018-01-16 18:11:54][39m[22m - | Debug | Mail Listener | => 'IDLE IDLE'
[1m[35m[2018-01-16 18:11:54][39m[22m - | Debug | Mail Listener | <= '+ idling'
[1m[35m[2018-01-16 18:13:47][39m[22m - | Debug | Mail Listener | <= '* OK Still here'
[1m[35m[2018-01-16 18:15:47][39m[22m - | Debug | Mail Listener | <= '* OK Still here'
[1m[35m[2018-01-16 18:17:04][39m[22m - | Debug | Mail Listener | => DONE
[1m[35m[2018-01-16 18:17:04][39m[22m - | Debug | Mail Listener | <= 'IDLE OK Idle completed (310.018 + 310.017 + 310.017 secs).'
[1m[35m[2018-01-16 18:17:04][39m[22m - | Debug | Mail Listener | => 'IDLE IDLE'
[1m[35m[2018-01-16 18:17:04][39m[22m - | Debug | Mail Listener | <= '+ idling'
[1m[35m[2018-01-16 18:17:47][39m[22m - | Debug | Mail Listener | <= '* OK Still here'
[1m[35m[2018-01-16 18:19:47][39m[22m - | Debug | Mail Listener | <= '* OK Still here'
[1m[35m[2018-01-16 18:21:47][39m[22m - | Debug | Mail Listener | <= '* OK Still here'
[1m[35m[2018-01-16 18:21:54][39m[22m - | Info | WordGame | pamehabai6#5480 has stopped the random word game on The Grid.
[1m[35m[2018-01-16 18:22:07][39m[22m - | Info | WordGame | pamehabai6#5480 has stopped the random word game on No Man's Sky Modding.
[1m[35m[2018-01-16 18:22:14][39m[22m - | Debug | Mail Listener | => DONE
[1m[35m[2018-01-16 18:22:14][39m[22m - | Debug | Mail Listener | <= 'IDLE OK Idle completed (310.019 + 310.018 + 310.018 secs).'
[1m[35m[2018-01-16 18:22:14][39m[22m - | Debug | Mail Listener | => 'IDLE IDLE'
[1m[35m[2018-01-16 18:22:14][39m[22m - | Debug | Mail Listener | <= '+ idling'
[1m[35m[2018-01-16 18:22:54][39m[22m - | Info | Load | pamehabai6#5480 has loaded status in #bot-commands on The Grid.
[1m[35m[2018-01-16 18:22:59][39m[22m - | Info | Core | Created db entry for command status.
[1m[35m[2018-01-16 18:22:59][39m[22m - | Error | Base64 | [1m[31mSorry pamehabai6#5480 unable to set status due to ReferenceError: idle is not defined[39m[22m
[1m[35m[2018-01-16 18:23:47][39m[22m - | Debug | Mail Listener | <= '* OK Still here'
[1m[35m[2018-01-16 18:24:59][39m[22m - | Info | Reload Command | pamehabai6#5480 has reloaded status on The Grid.
[1m[35m[2018-01-16 18:25:03][39m[22m - | Error | Base64 | [1m[31mSorry pamehabai6#5480 unable to set status due to ReferenceError: idle is not defined[39m[22m
[1m[35m[2018-01-16 18:25:32][39m[22m - | Info | Reload Command | pamehabai6#5480 has reloaded status on The Grid.
[1m[35m[2018-01-16 18:25:47][39m[22m - | Debug | Mail Listener | <= '* OK Still here'
[1m[35m[2018-01-16 18:27:24][39m[22m - | Debug | Mail Listener | => DONE
[1m[35m[2018-01-16 18:27:24][39m[22m - | Debug | Mail Listener | <= 'IDLE OK Idle completed (310.027 + 310.025 + 310.026 secs).'
[1m[35m[2018-01-16 18:27:24][39m[22m - | Debug | Mail Listener | => 'IDLE IDLE'
[1m[35m[2018-01-16 18:27:24][39m[22m - | Debug | Mail Listener | <= '+ idling'
[1m[35m[2018-01-16 18:27:47][39m[22m - | Debug | Mail Listener | <= '* OK Still here'
[1m[35m[2018-01-16 18:28:40][39m[22m - | Info | Reload Command | pamehabai6#5480 has reloaded status on No Man's Sky Modding.
[1m[35m[2018-01-16 18:29:17][39m[22m - | Info | Core | Created db entry for command status.
[1m[35m[2018-01-16 18:29:17][39m[22m - | Info | Base64 | pamehabai6#5480 set tron status to Do not Disturb.
[1m[35m[2018-01-16 18:29:23][39m[22m - | Info | Base64 | pamehabai6#5480 set tron status to invisible.
[1m[35m[2018-01-16 18:29:31][39m[22m - | Info | Core | Created db entry for command test.
[1m[35m[2018-01-16 18:29:36][39m[22m - | Info | Base64 | pamehabai6#5480 set tron status to Online.
[1m[35m[2018-01-16 18:29:47][39m[22m - | Debug | Mail Listener | <= '* OK Still here'
[1m[35m[2018-01-16 18:31:47][39m[22m - | Debug | Mail Listener | <= '* OK Still here'
[1m[35m[2018-01-16 18:32:34][39m[22m - | Debug | Mail Listener | => DONE
[1m[35m[2018-01-16 18:32:34][39m[22m - | Debug | Mail Listener | <= 'IDLE OK Idle completed (310.029 + 310.028 + 310.029 secs).'
[1m[35m[2018-01-16 18:32:34][39m[22m - | Debug | Mail Listener | => 'IDLE IDLE'
[1m[35m[2018-01-16 18:32:34][39m[22m - | Debug | Mail Listener | <= '+ idling'
[1m[35m[2018-01-16 18:33:47][39m[22m - | Debug | Mail Listener | <= '* OK Still here'
[1m[35m[2018-01-16 18:34:34][39m[22m - | Info | Reload Command | pamehabai6#5480 has reloaded status on No Man's Sky Modding.
[1m[35m[2018-01-16 18:34:40][39m[22m - | Error | Base64 | [1m[31mSorry pamehabai6#5480 unable to set status due to TypeError: bot.setGame is not a function[39m[22m
[1m[35m[2018-01-16 18:35:47][39m[22m - | Debug | Mail Listener | <= '* OK Still here'
[1m[35m[2018-01-16 18:36:01][39m[22m - | Info | Reload Command | pamehabai6#5480 has reloaded status on No Man's Sky Modding.
[1m[35m[2018-01-16 18:36:05][39m[22m - | Error | Base64 | [1m[31mSorry pamehabai6#5480 unable to set status due to TypeError: bot.setGame is not a function[39m[22m
[1m[35m[2018-01-16 18:37:44][39m[22m - | Debug | Mail Listener | => DONE
[1m[35m[2018-01-16 18:37:44][39m[22m - | Debug | Mail Listener | <= 'IDLE OK Idle completed (310.031 + 310.030 + 310.030 secs).'
[1m[35m[2018-01-16 18:37:44][39m[22m - | Debug | Mail Listener | => 'IDLE IDLE'
[1m[35m[2018-01-16 18:37:44][39m[22m - | Debug | Mail Listener | <= '+ idling'
[1m[35m[2018-01-16 18:37:47][39m[22m - | Debug | Mail Listener | <= '* OK Still here'
[1m[35m[2018-01-16 18:39:47][39m[22m - | Debug | Mail Listener | <= '* OK Still here'
[1m[35m[2018-01-16 18:41:01][39m[22m - | Info | Reload Command | pamehabai6#5480 has reloaded status on No Man's Sky Modding.
[1m[35m[2018-01-16 18:41:04][39m[22m - | Error | Base64 | [1m[31mSorry pamehabai6#5480 unable to set status due to TypeError: bot.setPresence is not a function[39m[22m
[1m[35m[2018-01-16 18:41:29][39m[22m - | Info | Reload Command | pamehabai6#5480 has reloaded status on No Man's Sky Modding.
[1m[35m[2018-01-16 18:41:47][39m[22m - | Debug | Mail Listener | <= '* OK Still here'
[1m[35m[2018-01-16 18:42:54][39m[22m - | Debug | Mail Listener | => DONE
[1m[35m[2018-01-16 18:42:54][39m[22m - | Debug | Mail Listener | <= 'IDLE OK Idle completed (310.025 + 310.024 + 310.024 secs).'
[1m[35m[2018-01-16 18:42:54][39m[22m - | Debug | Mail Listener | => 'IDLE IDLE'
[1m[35m[2018-01-16 18:42:54][39m[22m - | Debug | Mail Listener | <= '+ idling'
[1m[35m[2018-01-16 18:43:03][39m[22m - | Info | Reload Command | pamehabai6#5480 has reloaded status on No Man's Sky Modding.
[1m[35m[2018-01-16 18:43:14][39m[22m - | Info | Base64 | pamehabai6#5480 set tron game.
[1m[35m[2018-01-16 18:43:47][39m[22m - | Debug | Mail Listener | <= '* OK Still here'
[1m[35m[2018-01-16 18:45:47][39m[22m - | Debug | Mail Listener | <= '* OK Still here'
[1m[35m[2018-01-16 18:47:47][39m[22m - | Debug | Mail Listener | <= '* OK Still here'
[1m[35m[2018-01-16 18:48:04][39m[22m - | Debug | Mail Listener | => DONE
[1m[35m[2018-01-16 18:48:04][39m[22m - | Debug | Mail Listener | <= 'IDLE OK Idle completed (310.024 + 310.023 + 310.023 secs).'
[1m[35m[2018-01-16 18:48:04][39m[22m - | Debug | Mail Listener | => 'IDLE IDLE'
[1m[35m[2018-01-16 18:48:04][39m[22m - | Debug | Mail Listener | <= '+ idling'
[1m[35m[2018-01-16 18:49:47][39m[22m - | Debug | Mail Listener | <= '* OK Still here'
[1m[35m[2018-01-16 18:51:47][39m[22m - | Debug | Mail Listener | <= '* OK Still here'
[1m[35m[2018-01-16 18:52:02][39m[22m - | Info | Reload Command | pamehabai6#5480 has reloaded status on No Man's Sky Modding.
[1m[35m[2018-01-16 18:52:10][39m[22m - | Info | Base64 | pamehabai6#5480 set tron game.
[1m[35m[2018-01-16 18:52:26][39m[22m - | Info | Base64 | pamehabai6#5480 set tron game.
[1m[35m[2018-01-16 18:53:14][39m[22m - | Debug | Mail Listener | => DONE
[1m[35m[2018-01-16 18:53:15][39m[22m - | Debug | Mail Listener | <= 'IDLE OK Idle completed (310.026 + 310.025 + 310.025 secs).'
[1m[35m[2018-01-16 18:53:15][39m[22m - | Debug | Mail Listener | => 'IDLE IDLE'
[1m[35m[2018-01-16 18:53:15][39m[22m - | Debug | Mail Listener | <= '+ idling'
[1m[35m[2018-01-16 18:53:24][39m[22m - | Info | Reload Command | pamehabai6#5480 has reloaded status on No Man's Sky Modding.
[1m[35m[2018-01-16 18:53:28][39m[22m - | Info | Base64 | pamehabai6#5480 set tron game.
[1m[35m[2018-01-16 18:53:47][39m[22m - | Debug | Mail Listener | <= '* OK Still here'
[1m[35m[2018-01-16 18:53:57][39m[22m - | Info | Base64 | pamehabai6#5480 set tron game.
[1m[35m[2018-01-16 18:54:04][39m[22m - | Info | Purge | pamehabai6 (pamehabai6#5480) deleted 21 messages. 
[1m[35m[2018-01-16 18:54:11][39m[22m - | Info | Purge | pamehabai6 (pamehabai6#5480) deleted 20 messages. 
[1m[35m[2018-01-16 18:55:47][39m[22m - | Debug | Mail Listener | <= '* OK Still here'
[1m[35m[2018-01-16 18:57:47][39m[22m - | Debug | Mail Listener | <= '* OK Still here'
[1m[35m[2018-01-16 18:58:25][39m[22m - | Debug | Mail Listener | => DONE
[1m[35m[2018-01-16 18:58:25][39m[22m - | Debug | Mail Listener | <= 'IDLE OK Idle completed (310.016 + 310.015 + 310.015 secs).'
[1m[35m[2018-01-16 18:58:25][39m[22m - | Debug | Mail Listener | => 'IDLE IDLE'
[1m[35m[2018-01-16 18:58:25][39m[22m - | Debug | Mail Listener | <= '+ idling'
[1m[35m[2018-01-16 18:59:47][39m[22m - | Debug | Mail Listener | <= '* OK Still here'
[1m[35m[2018-01-16 19:01:47][39m[22m - | Debug | Mail Listener | <= '* OK Still here'
[1m[35m[2018-01-16 19:03:35][39m[22m - | Debug | Mail Listener | => DONE
[1m[35m[2018-01-16 19:03:35][39m[22m - | Debug | Mail Listener | <= 'IDLE OK Idle completed (310.014 + 310.013 + 310.014 secs).'
[1m[35m[2018-01-16 19:03:35][39m[22m - | Debug | Mail Listener | => 'IDLE IDLE'
[1m[35m[2018-01-16 19:03:35][39m[22m - | Debug | Mail Listener | <= '+ idling'
[1m[35m[2018-01-16 19:03:47][39m[22m - | Debug | Mail Listener | <= '* OK Still here'
[1m[35m[2018-01-16 19:05:47][39m[22m - | Debug | Mail Listener | <= '* OK Still here'
[1m[35m[2018-01-16 19:07:47][39m[22m - | Debug | Mail Listener | <= '* OK Still here'
[1m[35m[2018-01-16 19:08:45][39m[22m - | Debug | Mail Listener | => DONE
[1m[35m[2018-01-16 19:08:45][39m[22m - | Debug | Mail Listener | <= 'IDLE OK Idle completed (310.023 + 310.022 + 310.022 secs).'
[1m[35m[2018-01-16 19:08:45][39m[22m - | Debug | Mail Listener | => 'IDLE IDLE'
[1m[35m[2018-01-16 19:08:45][39m[22m - | Debug | Mail Listener | <= '+ idling'
[1m[35m[2018-01-16 19:09:47][39m[22m - | Debug | Mail Listener | <= '* OK Still here'
[1m[35m[2018-01-16 19:11:47][39m[22m - | Debug | Mail Listener | <= '* OK Still here'
[1m[35m[2018-01-16 19:13:47][39m[22m - | Debug | Mail Listener | <= '* OK Still here'
[1m[35m[2018-01-16 19:13:55][39m[22m - | Debug | Mail Listener | => DONE
[1m[35m[2018-01-16 19:13:55][39m[22m - | Debug | Mail Listener | <= 'IDLE OK Idle completed (310.027 + 310.026 + 310.026 secs).'
[1m[35m[2018-01-16 19:13:55][39m[22m - | Debug | Mail Listener | => 'IDLE IDLE'
[1m[35m[2018-01-16 19:13:55][39m[22m - | Debug | Mail Listener | <= '+ idling'
[1m[35m[2018-01-16 19:15:47][39m[22m - | Debug | Mail Listener | <= '* OK Still here'
[1m[35m[2018-01-16 19:17:47][39m[22m - | Debug | Mail Listener | <= '* OK Still here'
[1m[35m[2018-01-16 19:19:05][39m[22m - | Debug | Mail Listener | => DONE
[1m[35m[2018-01-16 19:19:05][39m[22m - | Debug | Mail Listener | <= 'IDLE OK Idle completed (310.026 + 310.025 + 310.025 secs).'
[1m[35m[2018-01-16 19:19:05][39m[22m - | Debug | Mail Listener | => 'IDLE IDLE'
[1m[35m[2018-01-16 19:19:05][39m[22m - | Debug | Mail Listener | <= '+ idling'
[1m[35m[2018-01-16 19:19:47][39m[22m - | Debug | Mail Listener | <= '* OK Still here'
[1m[35m[2018-01-16 19:21:47][39m[22m - | Debug | Mail Listener | <= '* OK Still here'
[1m[35m[2018-01-16 19:23:47][39m[22m - | Debug | Mail Listener | <= '* OK Still here'
[1m[35m[2018-01-16 19:24:15][39m[22m - | Debug | Mail Listener | => DONE
[1m[35m[2018-01-16 19:24:15][39m[22m - | Debug | Mail Listener | <= 'IDLE OK Idle completed (310.026 + 310.025 + 310.026 secs).'
[1m[35m[2018-01-16 19:24:15][39m[22m - | Debug | Mail Listener | => 'IDLE IDLE'
[1m[35m[2018-01-16 19:24:15][39m[22m - | Debug | Mail Listener | <= '+ idling'
[1m[35m[2018-01-16 19:25:47][39m[22m - | Debug | Mail Listener | <= '* OK Still here'
[1m[35m[2018-01-16 19:27:47][39m[22m - | Debug | Mail Listener | <= '* OK Still here'
[1m[35m[2018-01-16 19:29:25][39m[22m - | Debug | Mail Listener | => DONE
[1m[35m[2018-01-16 19:29:25][39m[22m - | Debug | Mail Listener | <= 'IDLE OK Idle completed (310.020 + 310.019 + 310.019 secs).'
[1m[35m[2018-01-16 19:29:25][39m[22m - | Debug | Mail Listener | => 'IDLE IDLE'
[1m[35m[2018-01-16 19:29:25][39m[22m - | Debug | Mail Listener | <= '+ idling'
[1m[35m[2018-01-16 19:29:47][39m[22m - | Debug | Mail Listener | <= '* OK Still here'
[1m[35m[2018-01-16 19:31:47][39m[22m - | Debug | Mail Listener | <= '* OK Still here'
[1m[35m[2018-01-16 19:33:47][39m[22m - | Debug | Mail Listener | <= '* OK Still here'
[1m[35m[2018-01-16 19:34:35][39m[22m - | Debug | Mail Listener | => DONE
[1m[35m[2018-01-16 19:34:35][39m[22m - | Debug | Mail Listener | <= 'IDLE OK Idle completed (310.019 + 310.018 + 310.018 secs).'
[1m[35m[2018-01-16 19:34:35][39m[22m - | Debug | Mail Listener | => 'IDLE IDLE'
[1m[35m[2018-01-16 19:34:35][39m[22m - | Debug | Mail Listener | <= '+ idling'
[1m[35m[2018-01-16 19:35:47][39m[22m - | Debug | Mail Listener | <= '* OK Still here'
[1m[35m[2018-01-16 19:37:47][39m[22m - | Debug | Mail Listener | <= '* OK Still here'
[1m[35m[2018-01-16 19:39:45][39m[22m - | Debug | Mail Listener | => DONE
[1m[35m[2018-01-16 19:39:45][39m[22m - | Debug | Mail Listener | <= 'IDLE OK Idle completed (310.018 + 310.017 + 310.017 secs).'
[1m[35m[2018-01-16 19:39:45][39m[22m - | Debug | Mail Listener | => 'IDLE IDLE'
[1m[35m[2018-01-16 19:39:46][39m[22m - | Debug | Mail Listener | <= '+ idling'
[1m[35m[2018-01-16 19:39:47][39m[22m - | Debug | Mail Listener | <= '* OK Still here'
[1m[35m[2018-01-16 19:41:47][39m[22m - | Debug | Mail Listener | <= '* OK Still here'
[1m[35m[2018-01-16 19:43:47][39m[22m - | Debug | Mail Listener | <= '* OK Still here'
[1m[35m[2018-01-16 19:44:56][39m[22m - | Debug | Mail Listener | => DONE
[1m[35m[2018-01-16 19:44:56][39m[22m - | Debug | Mail Listener | <= 'IDLE OK Idle completed (310.025 + 310.024 + 310.024 secs).'
[1m[35m[2018-01-16 19:44:56][39m[22m - | Debug | Mail Listener | => 'IDLE IDLE'
[1m[35m[2018-01-16 19:44:56][39m[22m - | Debug | Mail Listener | <= '+ idling'
[1m[35m[2018-01-16 19:45:47][39m[22m - | Debug | Mail Listener | <= '* OK Still here'
[1m[35m[2018-01-16 19:47:47][39m[22m - | Debug | Mail Listener | <= '* OK Still here'
[1m[35m[2018-01-16 19:49:47][39m[22m - | Debug | Mail Listener | <= '* OK Still here'
[1m[35m[2018-01-16 19:50:06][39m[22m - | Debug | Mail Listener | => DONE
[1m[35m[2018-01-16 19:50:06][39m[22m - | Debug | Mail Listener | <= 'IDLE OK Idle completed (310.031 + 310.029 + 310.030 secs).'
[1m[35m[2018-01-16 19:50:06][39m[22m - | Debug | Mail Listener | => 'IDLE IDLE'
[1m[35m[2018-01-16 19:50:06][39m[22m - | Debug | Mail Listener | <= '+ idling'
[1m[35m[2018-01-16 19:51:47][39m[22m - | Debug | Mail Listener | <= '* OK Still here'
[1m[35m[2018-01-16 19:53:47][39m[22m - | Debug | Mail Listener | <= '* OK Still here'
[1m[35m[2018-01-16 19:55:16][39m[22m - | Debug | Mail Listener | => DONE
[1m[35m[2018-01-16 19:55:16][39m[22m - | Debug | Mail Listener | <= 'IDLE OK Idle completed (310.026 + 310.025 + 310.025 secs).'
[1m[35m[2018-01-16 19:55:16][39m[22m - | Debug | Mail Listener | => 'IDLE IDLE'
[1m[35m[2018-01-16 19:55:16][39m[22m - | Debug | Mail Listener | <= '+ idling'
[1m[35m[2018-01-16 19:55:47][39m[22m - | Debug | Mail Listener | <= '* OK Still here'
[1m[35m[2018-01-16 19:57:47][39m[22m - | Debug | Mail Listener | <= '* OK Still here'
[1m[35m[2018-01-16 19:59:47][39m[22m - | Debug | Mail Listener | <= '* OK Still here'
[1m[35m[2018-01-16 20:00:26][39m[22m - | Debug | Mail Listener | => DONE
[1m[35m[2018-01-16 20:00:26][39m[22m - | Debug | Mail Listener | <= 'IDLE OK Idle completed (310.021 + 310.020 + 310.020 secs).'
[1m[35m[2018-01-16 20:00:26][39m[22m - | Debug | Mail Listener | => 'IDLE IDLE'
[1m[35m[2018-01-16 20:00:26][39m[22m - | Debug | Mail Listener | <= '+ idling'
[1m[35m[2018-01-16 20:01:47][39m[22m - | Debug | Mail Listener | <= '* OK Still here'
[1m[35m[2018-01-16 20:03:47][39m[22m - | Debug | Mail Listener | <= '* OK Still here'
[1m[35m[2018-01-16 20:05:36][39m[22m - | Debug | Mail Listener | => DONE
[1m[35m[2018-01-16 20:05:36][39m[22m - | Debug | Mail Listener | <= 'IDLE OK Idle completed (310.025 + 310.024 + 310.024 secs).'
[1m[35m[2018-01-16 20:05:36][39m[22m - | Debug | Mail Listener | => 'IDLE IDLE'
[1m[35m[2018-01-16 20:05:36][39m[22m - | Debug | Mail Listener | <= '+ idling'
[1m[35m[2018-01-16 20:05:47][39m[22m - | Debug | Mail Listener | <= '* OK Still here'
[1m[35m[2018-01-16 20:07:47][39m[22m - | Debug | Mail Listener | <= '* OK Still here'
[1m[35m[2018-01-16 20:09:47][39m[22m - | Debug | Mail Listener | <= '* OK Still here'
[1m[35m[2018-01-16 20:10:46][39m[22m - | Debug | Mail Listener | => DONE
[1m[35m[2018-01-16 20:10:46][39m[22m - | Debug | Mail Listener | <= 'IDLE OK Idle completed (310.014 + 310.013 + 310.013 secs).'
[1m[35m[2018-01-16 20:10:46][39m[22m - | Debug | Mail Listener | => 'IDLE IDLE'
[1m[35m[2018-01-16 20:10:46][39m[22m - | Debug | Mail Listener | <= '+ idling'
[1m[35m[2018-01-16 20:11:47][39m[22m - | Debug | Mail Listener | <= '* OK Still here'
[1m[35m[2018-01-16 20:13:47][39m[22m - | Debug | Mail Listener | <= '* OK Still here'
[1m[35m[2018-01-16 20:15:47][39m[22m - | Debug | Mail Listener | <= '* OK Still here'
[1m[35m[2018-01-16 20:15:56][39m[22m - | Debug | Mail Listener | => DONE
[1m[35m[2018-01-16 20:15:56][39m[22m - | Debug | Mail Listener | <= 'IDLE OK Idle completed (310.014 + 310.013 + 310.013 secs).'
[1m[35m[2018-01-16 20:15:56][39m[22m - | Debug | Mail Listener | => 'IDLE IDLE'
[1m[35m[2018-01-16 20:15:56][39m[22m - | Debug | Mail Listener | <= '+ idling'
[1m[35m[2018-01-16 20:17:47][39m[22m - | Debug | Mail Listener | <= '* OK Still here'
[1m[35m[2018-01-16 20:19:47][39m[22m - | Debug | Mail Listener | <= '* OK Still here'
[1m[35m[2018-01-16 20:21:06][39m[22m - | Debug | Mail Listener | => DONE
[1m[35m[2018-01-16 20:21:06][39m[22m - | Debug | Mail Listener | <= 'IDLE OK Idle completed (310.027 + 310.026 + 310.027 secs).'
[1m[35m[2018-01-16 20:21:06][39m[22m - | Debug | Mail Listener | => 'IDLE IDLE'
[1m[35m[2018-01-16 20:21:06][39m[22m - | Debug | Mail Listener | <= '+ idling'
[1m[35m[2018-01-16 20:21:47][39m[22m - | Debug | Mail Listener | <= '* OK Still here'
[1m[35m[2018-01-16 20:23:47][39m[22m - | Debug | Mail Listener | <= '* OK Still here'
[1m[35m[2018-01-16 20:25:47][39m[22m - | Debug | Mail Listener | <= '* OK Still here'
[1m[35m[2018-01-16 20:26:16][39m[22m - | Debug | Mail Listener | => DONE
[1m[35m[2018-01-16 20:26:17][39m[22m - | Debug | Mail Listener | <= 'IDLE OK Idle completed (310.032 + 310.031 + 310.032 secs).'
[1m[35m[2018-01-16 20:26:17][39m[22m - | Debug | Mail Listener | => 'IDLE IDLE'
[1m[35m[2018-01-16 20:26:17][39m[22m - | Debug | Mail Listener | <= '+ idling'
[1m[35m[2018-01-16 20:27:47][39m[22m - | Debug | Mail Listener | <= '* OK Still here'
[1m[35m[2018-01-16 20:29:47][39m[22m - | Debug | Mail Listener | <= '* OK Still here'
[1m[35m[2018-01-16 20:31:27][39m[22m - | Debug | Mail Listener | => DONE
[1m[35m[2018-01-16 20:31:27][39m[22m - | Debug | Mail Listener | <= 'IDLE OK Idle completed (310.024 + 310.023 + 310.023 secs).'
[1m[35m[2018-01-16 20:31:27][39m[22m - | Debug | Mail Listener | => 'IDLE IDLE'
[1m[35m[2018-01-16 20:31:27][39m[22m - | Debug | Mail Listener | <= '+ idling'
[1m[35m[2018-01-16 20:31:47][39m[22m - | Debug | Mail Listener | <= '* OK Still here'
[1m[35m[2018-01-16 20:33:47][39m[22m - | Debug | Mail Listener | <= '* OK Still here'
[1m[35m[2018-01-16 20:35:47][39m[22m - | Debug | Mail Listener | <= '* OK Still here'
[1m[35m[2018-01-16 20:36:37][39m[22m - | Debug | Mail Listener | => DONE
[1m[35m[2018-01-16 20:36:37][39m[22m - | Debug | Mail Listener | <= 'IDLE OK Idle completed (310.026 + 310.025 + 310.025 secs).'
[1m[35m[2018-01-16 20:36:37][39m[22m - | Debug | Mail Listener | => 'IDLE IDLE'
[1m[35m[2018-01-16 20:36:37][39m[22m - | Debug | Mail Listener | <= '+ idling'
[1m[35m[2018-01-16 20:37:47][39m[22m - | Debug | Mail Listener | <= '* OK Still here'
[1m[35m[2018-01-16 20:39:47][39m[22m - | Debug | Mail Listener | <= '* OK Still here'
[1m[35m[2018-01-16 20:41:47][39m[22m - | Debug | Mail Listener | => DONE
[1m[35m[2018-01-16 20:41:47][39m[22m - | Debug | Mail Listener | <= '* OK Still here'
[1m[35m[2018-01-16 20:41:47][39m[22m - | Debug | Mail Listener | <= 'IDLE OK Idle completed (310.028 + 310.027 + 310.027 secs).'
[1m[35m[2018-01-16 20:41:47][39m[22m - | Debug | Mail Listener | => 'IDLE IDLE'
[1m[35m[2018-01-16 20:41:47][39m[22m - | Debug | Mail Listener | <= '+ idling'
[1m[35m[2018-01-16 20:43:47][39m[22m - | Debug | Mail Listener | <= '* OK Still here'
[1m[35m[2018-01-16 20:45:47][39m[22m - | Debug | Mail Listener | <= '* OK Still here'
[1m[35m[2018-01-16 20:46:57][39m[22m - | Debug | Mail Listener | => DONE
[1m[35m[2018-01-16 20:46:57][39m[22m - | Debug | Mail Listener | <= 'IDLE OK Idle completed (310.020 + 310.019 + 310.019 secs).'
[1m[35m[2018-01-16 20:46:57][39m[22m - | Debug | Mail Listener | => 'IDLE IDLE'
[1m[35m[2018-01-16 20:46:57][39m[22m - | Debug | Mail Listener | <= '+ idling'
[1m[35m[2018-01-16 20:47:47][39m[22m - | Debug | Mail Listener | <= '* OK Still here'
[1m[35m[2018-01-16 20:49:47][39m[22m - | Debug | Mail Listener | <= '* OK Still here'
[1m[35m[2018-01-16 20:51:47][39m[22m - | Debug | Mail Listener | <= '* OK Still here'
[1m[35m[2018-01-16 20:52:07][39m[22m - | Debug | Mail Listener | => DONE
[1m[35m[2018-01-16 20:52:07][39m[22m - | Debug | Mail Listener | <= 'IDLE OK Idle completed (310.019 + 310.018 + 310.018 secs).'
[1m[35m[2018-01-16 20:52:07][39m[22m - | Debug | Mail Listener | => 'IDLE IDLE'
[1m[35m[2018-01-16 20:52:07][39m[22m - | Debug | Mail Listener | <= '+ idling'
[1m[35m[2018-01-16 20:53:47][39m[22m - | Debug | Mail Listener | <= '* OK Still here'
[1m[35m[2018-01-16 20:55:47][39m[22m - | Debug | Mail Listener | <= '* OK Still here'
[1m[35m[2018-01-16 20:57:17][39m[22m - | Debug | Mail Listener | => DONE
[1m[35m[2018-01-16 20:57:17][39m[22m - | Debug | Mail Listener | <= 'IDLE OK Idle completed (310.011 + 310.011 + 310.011 secs).'
[1m[35m[2018-01-16 20:57:17][39m[22m - | Debug | Mail Listener | => 'IDLE IDLE'
[1m[35m[2018-01-16 20:57:17][39m[22m - | Debug | Mail Listener | <= '+ idling'
[1m[35m[2018-01-16 20:57:47][39m[22m - | Debug | Mail Listener | <= '* OK Still here'
[1m[35m[2018-01-16 20:59:47][39m[22m - | Debug | Mail Listener | <= '* OK Still here'
[1m[35m[2018-01-16 21:01:47][39m[22m - | Debug | Mail Listener | <= '* OK Still here'
[1m[35m[2018-01-16 21:02:27][39m[22m - | Debug | Mail Listener | => DONE
[1m[35m[2018-01-16 21:02:27][39m[22m - | Debug | Mail Listener | <= 'IDLE OK Idle completed (310.023 + 310.022 + 310.022 secs).'
[1m[35m[2018-01-16 21:02:27][39m[22m - | Debug | Mail Listener | => 'IDLE IDLE'
[1m[35m[2018-01-16 21:02:27][39m[22m - | Debug | Mail Listener | <= '+ idling'
[1m[35m[2018-01-16 21:03:47][39m[22m - | Debug | Mail Listener | <= '* OK Still here'
[1m[35m[2018-01-16 21:05:47][39m[22m - | Debug | Mail Listener | <= '* OK Still here'
[1m[35m[2018-01-16 21:07:37][39m[22m - | Debug | Mail Listener | => DONE
[1m[35m[2018-01-16 21:07:37][39m[22m - | Debug | Mail Listener | <= 'IDLE OK Idle completed (310.028 + 310.027 + 310.027 secs).'
[1m[35m[2018-01-16 21:07:37][39m[22m - | Debug | Mail Listener | => 'IDLE IDLE'
[1m[35m[2018-01-16 21:07:38][39m[22m - | Debug | Mail Listener | <= '+ idling'
[1m[35m[2018-01-16 21:07:47][39m[22m - | Debug | Mail Listener | <= '* OK Still here'
[1m[35m[2018-01-16 21:09:47][39m[22m - | Debug | Mail Listener | <= '* OK Still here'
[1m[35m[2018-01-16 21:11:47][39m[22m - | Debug | Mail Listener | <= '* OK Still here'
[1m[35m[2018-01-16 21:12:48][39m[22m - | Debug | Mail Listener | => DONE
[1m[35m[2018-01-16 21:12:48][39m[22m - | Debug | Mail Listener | <= 'IDLE OK Idle completed (310.028 + 310.027 + 310.027 secs).'
[1m[35m[2018-01-16 21:12:48][39m[22m - | Debug | Mail Listener | => 'IDLE IDLE'
[1m[35m[2018-01-16 21:12:48][39m[22m - | Debug | Mail Listener | <= '+ idling'
[1m[35m[2018-01-16 21:13:30][39m[22m - | Info | Core | Created db entry for user Nicholas Manuel.
[1m[35m[2018-01-16 21:13:47][39m[22m - | Debug | Mail Listener | <= '* OK Still here'
[1m[35m[2018-01-16 21:15:47][39m[22m - | Debug | Mail Listener | <= '* OK Still here'
[1m[35m[2018-01-16 21:17:47][39m[22m - | Debug | Mail Listener | <= '* OK Still here'
[1m[35m[2018-01-16 21:17:58][39m[22m - | Debug | Mail Listener | => DONE
[1m[35m[2018-01-16 21:17:58][39m[22m - | Debug | Mail Listener | <= 'IDLE OK Idle completed (310.022 + 310.021 + 310.021 secs).'
[1m[35m[2018-01-16 21:17:58][39m[22m - | Debug | Mail Listener | => 'IDLE IDLE'
[1m[35m[2018-01-16 21:17:58][39m[22m - | Debug | Mail Listener | <= '+ idling'
[1m[35m[2018-01-16 21:19:47][39m[22m - | Debug | Mail Listener | <= '* OK Still here'
[1m[35m[2018-01-16 21:21:47][39m[22m - | Debug | Mail Listener | <= '* OK Still here'
[1m[35m[2018-01-16 21:23:08][39m[22m - | Debug | Mail Listener | => DONE
[1m[35m[2018-01-16 21:23:08][39m[22m - | Debug | Mail Listener | <= 'IDLE OK Idle completed (310.022 + 310.021 + 310.021 secs).'
[1m[35m[2018-01-16 21:23:08][39m[22m - | Debug | Mail Listener | => 'IDLE IDLE'
[1m[35m[2018-01-16 21:23:08][39m[22m - | Debug | Mail Listener | <= '+ idling'
[1m[35m[2018-01-16 21:23:47][39m[22m - | Debug | Mail Listener | <= '* OK Still here'
[1m[35m[2018-01-16 21:25:47][39m[22m - | Debug | Mail Listener | <= '* OK Still here'
[1m[35m[2018-01-16 21:27:47][39m[22m - | Debug | Mail Listener | <= '* OK Still here'
[1m[35m[2018-01-16 21:28:18][39m[22m - | Debug | Mail Listener | => DONE
[1m[35m[2018-01-16 21:28:18][39m[22m - | Debug | Mail Listener | <= 'IDLE OK Idle completed (310.019 + 310.018 + 310.018 secs).'
[1m[35m[2018-01-16 21:28:18][39m[22m - | Debug | Mail Listener | => 'IDLE IDLE'
[1m[35m[2018-01-16 21:28:18][39m[22m - | Debug | Mail Listener | <= '+ idling'
[1m[35m[2018-01-16 21:29:47][39m[22m - | Debug | Mail Listener | <= '* OK Still here'
[1m[35m[2018-01-16 21:31:47][39m[22m - | Debug | Mail Listener | <= '* OK Still here'
[1m[35m[2018-01-16 21:33:28][39m[22m - | Debug | Mail Listener | => DONE
[1m[35m[2018-01-16 21:33:28][39m[22m - | Debug | Mail Listener | <= 'IDLE OK Idle completed (310.017 + 310.016 + 310.016 secs).'
[1m[35m[2018-01-16 21:33:28][39m[22m - | Debug | Mail Listener | => 'IDLE IDLE'
[1m[35m[2018-01-16 21:33:28][39m[22m - | Debug | Mail Listener | <= '+ idling'
[1m[35m[2018-01-16 21:33:47][39m[22m - | Debug | Mail Listener | <= '* OK Still here'
[1m[35m[2018-01-16 21:35:47][39m[22m - | Debug | Mail Listener | <= '* OK Still here'
[1m[35m[2018-01-16 21:37:47][39m[22m - | Debug | Mail Listener | <= '* OK Still here'
[1m[35m[2018-01-16 21:38:38][39m[22m - | Debug | Mail Listener | => DONE
[1m[35m[2018-01-16 21:38:38][39m[22m - | Debug | Mail Listener | <= 'IDLE OK Idle completed (310.019 + 310.018 + 310.018 secs).'
[1m[35m[2018-01-16 21:38:38][39m[22m - | Debug | Mail Listener | => 'IDLE IDLE'
[1m[35m[2018-01-16 21:38:38][39m[22m - | Debug | Mail Listener | <= '+ idling'
[1m[35m[2018-01-16 21:39:47][39m[22m - | Debug | Mail Listener | <= '* OK Still here'
[1m[35m[2018-01-16 21:41:47][39m[22m - | Debug | Mail Listener | <= '* OK Still here'
[1m[35m[2018-01-16 21:43:47][39m[22m - | Debug | Mail Listener | <= '* OK Still here'
[1m[35m[2018-01-16 21:43:48][39m[22m - | Debug | Mail Listener | => DONE
[1m[35m[2018-01-16 21:43:48][39m[22m - | Debug | Mail Listener | <= 'IDLE OK Idle completed (310.030 + 310.029 + 310.029 secs).'
[1m[35m[2018-01-16 21:43:48][39m[22m - | Debug | Mail Listener | => 'IDLE IDLE'
[1m[35m[2018-01-16 21:43:48][39m[22m - | Debug | Mail Listener | <= '+ idling'
[1m[35m[2018-01-16 21:45:47][39m[22m - | Debug | Mail Listener | <= '* OK Still here'
[1m[35m[2018-01-16 21:47:47][39m[22m - | Debug | Mail Listener | <= '* OK Still here'
[1m[35m[2018-01-16 21:48:58][39m[22m - | Debug | Mail Listener | => DONE
[1m[35m[2018-01-16 21:48:58][39m[22m - | Debug | Mail Listener | <= 'IDLE OK Idle completed (310.031 + 310.030 + 310.030 secs).'
[1m[35m[2018-01-16 21:48:58][39m[22m - | Debug | Mail Listener | => 'IDLE IDLE'
[1m[35m[2018-01-16 21:48:58][39m[22m - | Debug | Mail Listener | <= '+ idling'
[1m[35m[2018-01-16 21:49:47][39m[22m - | Debug | Mail Listener | <= '* OK Still here'
[1m[35m[2018-01-16 21:51:47][39m[22m - | Debug | Mail Listener | <= '* OK Still here'
[1m[35m[2018-01-16 21:53:47][39m[22m - | Debug | Mail Listener | <= '* OK Still here'
[1m[35m[2018-01-16 21:54:08][39m[22m - | Debug | Mail Listener | => DONE
[1m[35m[2018-01-16 21:54:08][39m[22m - | Debug | Mail Listener | <= 'IDLE OK Idle completed (310.028 + 310.027 + 310.027 secs).'
[1m[35m[2018-01-16 21:54:08][39m[22m - | Debug | Mail Listener | => 'IDLE IDLE'
[1m[35m[2018-01-16 21:54:09][39m[22m - | Debug | Mail Listener | <= '+ idling'
[1m[35m[2018-01-16 21:55:47][39m[22m - | Debug | Mail Listener | <= '* OK Still here'
[1m[35m[2018-01-16 21:57:47][39m[22m - | Debug | Mail Listener | <= '* OK Still here'
[1m[35m[2018-01-16 21:59:19][39m[22m - | Debug | Mail Listener | => DONE
[1m[35m[2018-01-16 21:59:19][39m[22m - | Debug | Mail Listener | <= 'IDLE OK Idle completed (310.022 + 310.020 + 310.021 secs).'
[1m[35m[2018-01-16 21:59:19][39m[22m - | Debug | Mail Listener | => 'IDLE IDLE'
[1m[35m[2018-01-16 21:59:19][39m[22m - | Debug | Mail Listener | <= '+ idling'
[1m[35m[2018-01-16 21:59:47][39m[22m - | Debug | Mail Listener | <= '* OK Still here'
[1m[35m[2018-01-16 22:01:47][39m[22m - | Debug | Mail Listener | <= '* OK Still here'
[1m[35m[2018-01-16 22:03:47][39m[22m - | Debug | Mail Listener | <= '* OK Still here'
[1m[35m[2018-01-16 22:04:29][39m[22m - | Debug | Mail Listener | => DONE
[1m[35m[2018-01-16 22:04:29][39m[22m - | Debug | Mail Listener | <= 'IDLE OK Idle completed (310.020 + 310.019 + 310.019 secs).'
[1m[35m[2018-01-16 22:04:29][39m[22m - | Debug | Mail Listener | => 'IDLE IDLE'
[1m[35m[2018-01-16 22:04:29][39m[22m - | Debug | Mail Listener | <= '+ idling'
[1m[35m[2018-01-16 22:05:47][39m[22m - | Debug | Mail Listener | <= '* OK Still here'
[1m[35m[2018-01-16 22:07:47][39m[22m - | Debug | Mail Listener | <= '* OK Still here'
[1m[35m[2018-01-16 22:09:39][39m[22m - | Debug | Mail Listener | => DONE
[1m[35m[2018-01-16 22:09:39][39m[22m - | Debug | Mail Listener | <= 'IDLE OK Idle completed (310.012 + 310.012 + 310.012 secs).'
[1m[35m[2018-01-16 22:09:39][39m[22m - | Debug | Mail Listener | => 'IDLE IDLE'
[1m[35m[2018-01-16 22:09:39][39m[22m - | Debug | Mail Listener | <= '+ idling'
[1m[35m[2018-01-16 22:09:47][39m[22m - | Debug | Mail Listener | <= '* OK Still here'
[1m[35m[2018-01-16 22:11:47][39m[22m - | Debug | Mail Listener | <= '* OK Still here'
[1m[35m[2018-01-16 22:13:47][39m[22m - | Debug | Mail Listener | <= '* OK Still here'
[1m[35m[2018-01-16 22:14:49][39m[22m - | Debug | Mail Listener | => DONE
[1m[35m[2018-01-16 22:14:49][39m[22m - | Debug | Mail Listener | <= 'IDLE OK Idle completed (310.015 + 310.014 + 310.014 secs).'
[1m[35m[2018-01-16 22:14:49][39m[22m - | Debug | Mail Listener | => 'IDLE IDLE'
[1m[35m[2018-01-16 22:14:49][39m[22m - | Debug | Mail Listener | <= '+ idling'
[1m[35m[2018-01-16 22:15:47][39m[22m - | Debug | Mail Listener | <= '* OK Still here'
[1m[35m[2018-01-16 22:17:47][39m[22m - | Debug | Mail Listener | <= '* OK Still here'
[1m[35m[2018-01-16 22:19:47][39m[22m - | Debug | Mail Listener | <= '* OK Still here'
[1m[35m[2018-01-16 22:19:59][39m[22m - | Debug | Mail Listener | => DONE
[1m[35m[2018-01-16 22:19:59][39m[22m - | Debug | Mail Listener | <= 'IDLE OK Idle completed (310.030 + 310.029 + 310.029 secs).'
[1m[35m[2018-01-16 22:19:59][39m[22m - | Debug | Mail Listener | => 'IDLE IDLE'
[1m[35m[2018-01-16 22:19:59][39m[22m - | Debug | Mail Listener | <= '+ idling'
[1m[35m[2018-01-16 22:21:47][39m[22m - | Debug | Mail Listener | <= '* OK Still here'
[1m[35m[2018-01-16 22:23:47][39m[22m - | Debug | Mail Listener | <= '* OK Still here'
[1m[35m[2018-01-16 22:25:09][39m[22m - | Debug | Mail Listener | => DONE
[1m[35m[2018-01-16 22:25:09][39m[22m - | Debug | Mail Listener | <= 'IDLE OK Idle completed (310.028 + 310.027 + 310.027 secs).'
[1m[35m[2018-01-16 22:25:09][39m[22m - | Debug | Mail Listener | => 'IDLE IDLE'
[1m[35m[2018-01-16 22:25:09][39m[22m - | Debug | Mail Listener | <= '+ idling'
[1m[35m[2018-01-16 22:25:47][39m[22m - | Debug | Mail Listener | <= '* OK Still here'
[1m[35m[2018-01-16 22:27:47][39m[22m - | Debug | Mail Listener | <= '* OK Still here'
[1m[35m[2018-01-16 22:29:47][39m[22m - | Debug | Mail Listener | <= '* OK Still here'
[1m[35m[2018-01-16 22:30:19][39m[22m - | Debug | Mail Listener | => DONE
[1m[35m[2018-01-16 22:30:19][39m[22m - | Debug | Mail Listener | <= 'IDLE OK Idle completed (310.023 + 310.022 + 310.022 secs).'
[1m[35m[2018-01-16 22:30:19][39m[22m - | Debug | Mail Listener | => 'IDLE IDLE'
[1m[35m[2018-01-16 22:30:19][39m[22m - | Debug | Mail Listener | <= '+ idling'
[1m[35m[2018-01-16 22:31:47][39m[22m - | Debug | Mail Listener | <= '* OK Still here'
[1m[35m[2018-01-16 22:33:47][39m[22m - | Debug | Mail Listener | <= '* OK Still here'
[1m[35m[2018-01-16 22:35:29][39m[22m - | Debug | Mail Listener | => DONE
[1m[35m[2018-01-16 22:35:29][39m[22m - | Debug | Mail Listener | <= 'IDLE OK Idle completed (310.021 + 310.020 + 310.020 secs).'
[1m[35m[2018-01-16 22:35:29][39m[22m - | Debug | Mail Listener | => 'IDLE IDLE'
[1m[35m[2018-01-16 22:35:29][39m[22m - | Debug | Mail Listener | <= '+ idling'
[1m[35m[2018-01-16 22:35:47][39m[22m - | Debug | Mail Listener | <= '* OK Still here'
[1m[35m[2018-01-16 22:37:47][39m[22m - | Debug | Mail Listener | <= '* OK Still here'
[1m[35m[2018-01-16 22:39:47][39m[22m - | Debug | Mail Listener | <= '* OK Still here'
[1m[35m[2018-01-16 22:40:39][39m[22m - | Debug | Mail Listener | => DONE
[1m[35m[2018-01-16 22:40:39][39m[22m - | Debug | Mail Listener | <= 'IDLE OK Idle completed (310.018 + 310.017 + 310.017 secs).'
[1m[35m[2018-01-16 22:40:39][39m[22m - | Debug | Mail Listener | => 'IDLE IDLE'
[1m[35m[2018-01-16 22:40:40][39m[22m - | Debug | Mail Listener | <= '+ idling'
[1m[35m[2018-01-16 22:41:47][39m[22m - | Debug | Mail Listener | <= '* OK Still here'
[1m[35m[2018-01-16 22:43:47][39m[22m - | Debug | Mail Listener | <= '* OK Still here'
[1m[35m[2018-01-16 22:45:47][39m[22m - | Debug | Mail Listener | <= '* OK Still here'
[1m[35m[2018-01-16 22:45:49][39m[22m - | Debug | Mail Listener | => DONE
[1m[35m[2018-01-16 22:45:50][39m[22m - | Debug | Mail Listener | <= 'IDLE OK Idle completed (310.018 + 310.017 + 310.017 secs).'
[1m[35m[2018-01-16 22:45:50][39m[22m - | Debug | Mail Listener | => 'IDLE IDLE'
[1m[35m[2018-01-16 22:45:50][39m[22m - | Debug | Mail Listener | <= '+ idling'
[1m[35m[2018-01-16 22:47:47][39m[22m - | Debug | Mail Listener | <= '* OK Still here'
[1m[35m[2018-01-16 22:49:47][39m[22m - | Debug | Mail Listener | <= '* OK Still here'
[1m[35m[2018-01-16 22:51:00][39m[22m - | Debug | Mail Listener | => DONE
[1m[35m[2018-01-16 22:51:00][39m[22m - | Debug | Mail Listener | <= 'IDLE OK Idle completed (310.021 + 310.020 + 310.020 secs).'
[1m[35m[2018-01-16 22:51:00][39m[22m - | Debug | Mail Listener | => 'IDLE IDLE'
[1m[35m[2018-01-16 22:51:00][39m[22m - | Debug | Mail Listener | <= '+ idling'
[1m[35m[2018-01-16 22:51:47][39m[22m - | Debug | Mail Listener | <= '* OK Still here'
[1m[35m[2018-01-16 22:53:47][39m[22m - | Debug | Mail Listener | <= '* OK Still here'
[1m[35m[2018-01-16 22:55:47][39m[22m - | Debug | Mail Listener | <= '* OK Still here'
[1m[35m[2018-01-16 22:56:10][39m[22m - | Debug | Mail Listener | => DONE
[1m[35m[2018-01-16 22:56:10][39m[22m - | Debug | Mail Listener | <= 'IDLE OK Idle completed (310.027 + 310.026 + 310.027 secs).'
[1m[35m[2018-01-16 22:56:10][39m[22m - | Debug | Mail Listener | => 'IDLE IDLE'
[1m[35m[2018-01-16 22:56:10][39m[22m - | Debug | Mail Listener | <= '+ idling'
[1m[35m[2018-01-16 22:57:47][39m[22m - | Debug | Mail Listener | <= '* OK Still here'
[1m[35m[2018-01-16 22:59:47][39m[22m - | Debug | Mail Listener | <= '* OK Still here'
[1m[35m[2018-01-16 23:01:20][39m[22m - | Debug | Mail Listener | => DONE
[1m[35m[2018-01-16 23:01:20][39m[22m - | Debug | Mail Listener | <= 'IDLE OK Idle completed (310.025 + 310.024 + 310.024 secs).'
[1m[35m[2018-01-16 23:01:20][39m[22m - | Debug | Mail Listener | => 'IDLE IDLE'
[1m[35m[2018-01-16 23:01:20][39m[22m - | Debug | Mail Listener | <= '+ idling'
[1m[35m[2018-01-16 23:01:47][39m[22m - | Debug | Mail Listener | <= '* OK Still here'
[1m[35m[2018-01-16 23:03:47][39m[22m - | Debug | Mail Listener | <= '* OK Still here'
[1m[35m[2018-01-16 23:05:47][39m[22m - | Debug | Mail Listener | <= '* OK Still here'
[1m[35m[2018-01-16 23:06:30][39m[22m - | Debug | Mail Listener | => DONE
[1m[35m[2018-01-16 23:06:30][39m[22m - | Debug | Mail Listener | <= 'IDLE OK Idle completed (310.028 + 310.027 + 310.027 secs).'
[1m[35m[2018-01-16 23:06:30][39m[22m - | Debug | Mail Listener | => 'IDLE IDLE'
[1m[35m[2018-01-16 23:06:30][39m[22m - | Debug | Mail Listener | <= '+ idling'
[1m[35m[2018-01-16 23:07:47][39m[22m - | Debug | Mail Listener | <= '* OK Still here'
[1m[35m[2018-01-16 23:09:47][39m[22m - | Debug | Mail Listener | <= '* OK Still here'
[1m[35m[2018-01-16 23:10:34][39m[22m - | Info | Base64 | pamehabai6#5480 set tron game.
[1m[35m[2018-01-16 23:11:40][39m[22m - | Debug | Mail Listener | => DONE
[1m[35m[2018-01-16 23:11:40][39m[22m - | Debug | Mail Listener | <= 'IDLE OK Idle completed (310.014 + 310.013 + 310.013 secs).'
[1m[35m[2018-01-16 23:11:40][39m[22m - | Debug | Mail Listener | => 'IDLE IDLE'
[1m[35m[2018-01-16 23:11:40][39m[22m - | Debug | Mail Listener | <= '+ idling'
[1m[35m[2018-01-16 23:11:47][39m[22m - | Debug | Mail Listener | <= '* OK Still here'
[1m[35m[2018-01-16 23:13:47][39m[22m - | Debug | Mail Listener | <= '* OK Still here'
[1m[35m[2018-01-16 23:14:40][39m[22m - | Info | Core | Created db entry for command rot13.
[1m[35m[2018-01-16 23:15:29][39m[22m - | Verbose | Help | pamehabai6 (pamehabai6#5480) has listed the available commands in #botspam on No Man's Sky Modding.
[1m[35m[2018-01-16 23:15:47][39m[22m - | Debug | Mail Listener | <= '* OK Still here'
[1m[35m[2018-01-16 23:16:50][39m[22m - | Debug | Mail Listener | => DONE
[1m[35m[2018-01-16 23:16:50][39m[22m - | Debug | Mail Listener | <= 'IDLE OK Idle completed (310.020 + 310.019 + 310.019 secs).'
[1m[35m[2018-01-16 23:16:50][39m[22m - | Debug | Mail Listener | => 'IDLE IDLE'
[1m[35m[2018-01-16 23:16:50][39m[22m - | Debug | Mail Listener | <= '+ idling'
[1m[35m[2018-01-16 23:17:47][39m[22m - | Debug | Mail Listener | <= '* OK Still here'
[1m[35m[2018-01-16 23:19:47][39m[22m - | Debug | Mail Listener | <= '* OK Still here'
[1m[35m[2018-01-16 23:21:47][39m[22m - | Debug | Mail Listener | <= '* OK Still here'
[1m[35m[2018-01-16 23:22:00][39m[22m - | Debug | Mail Listener | => DONE
[1m[35m[2018-01-16 23:22:00][39m[22m - | Debug | Mail Listener | <= 'IDLE OK Idle completed (310.013 + 310.012 + 310.012 secs).'
[1m[35m[2018-01-16 23:22:00][39m[22m - | Debug | Mail Listener | => 'IDLE IDLE'
[1m[35m[2018-01-16 23:22:00][39m[22m - | Debug | Mail Listener | <= '+ idling'
[1m[35m[2018-01-16 23:23:47][39m[22m - | Debug | Mail Listener | <= '* OK Still here'
[1m[35m[2018-01-16 23:25:48][39m[22m - | Debug | Mail Listener | <= '* OK Still here'
[1m[35m[2018-01-16 23:27:10][39m[22m - | Debug | Mail Listener | => DONE
[1m[35m[2018-01-16 23:27:10][39m[22m - | Debug | Mail Listener | <= 'IDLE OK Idle completed (310.017 + 310.017 + 310.016 secs).'
[1m[35m[2018-01-16 23:27:10][39m[22m - | Debug | Mail Listener | => 'IDLE IDLE'
[1m[35m[2018-01-16 23:27:11][39m[22m - | Debug | Mail Listener | <= '+ idling'
[1m[35m[2018-01-16 23:27:48][39m[22m - | Debug | Mail Listener | <= '* OK Still here'
[1m[35m[2018-01-16 23:29:47][39m[22m - | Debug | Mail Listener | <= '* OK Still here'
[1m[35m[2018-01-16 23:31:47][39m[22m - | Debug | Mail Listener | <= '* OK Still here'
[1m[35m[2018-01-16 23:32:20][39m[22m - | Debug | Mail Listener | => DONE
[1m[35m[2018-01-16 23:32:21][39m[22m - | Debug | Mail Listener | <= 'IDLE OK Idle completed (310.024 + 310.023 + 310.023 secs).'
[1m[35m[2018-01-16 23:32:21][39m[22m - | Debug | Mail Listener | => 'IDLE IDLE'
[1m[35m[2018-01-16 23:32:21][39m[22m - | Debug | Mail Listener | <= '+ idling'
[1m[35m[2018-01-16 23:33:47][39m[22m - | Debug | Mail Listener | <= '* OK Still here'
[1m[35m[2018-01-16 23:35:47][39m[22m - | Debug | Mail Listener | <= '* OK Still here'
[1m[35m[2018-01-16 23:37:31][39m[22m - | Debug | Mail Listener | => DONE
[1m[35m[2018-01-16 23:37:31][39m[22m - | Debug | Mail Listener | <= 'IDLE OK Idle completed (310.025 + 310.025 + 310.025 secs).'
[1m[35m[2018-01-16 23:37:31][39m[22m - | Debug | Mail Listener | => 'IDLE IDLE'
[1m[35m[2018-01-16 23:37:31][39m[22m - | Debug | Mail Listener | <= '+ idling'
[1m[35m[2018-01-16 23:37:47][39m[22m - | Debug | Mail Listener | <= '* OK Still here'
[1m[35m[2018-01-16 23:39:47][39m[22m - | Debug | Mail Listener | <= '* OK Still here'
[1m[35m[2018-01-16 23:41:47][39m[22m - | Debug | Mail Listener | <= '* OK Still here'
[1m[35m[2018-01-16 23:42:41][39m[22m - | Debug | Mail Listener | => DONE
[1m[35m[2018-01-16 23:42:41][39m[22m - | Debug | Mail Listener | <= 'IDLE OK Idle completed (310.028 + 310.027 + 310.027 secs).'
[1m[35m[2018-01-16 23:42:41][39m[22m - | Debug | Mail Listener | => 'IDLE IDLE'
[1m[35m[2018-01-16 23:42:41][39m[22m - | Debug | Mail Listener | <= '+ idling'
[1m[35m[2018-01-16 23:43:47][39m[22m - | Debug | Mail Listener | <= '* OK Still here'
[1m[35m[2018-01-16 23:45:47][39m[22m - | Debug | Mail Listener | <= '* OK Still here'
[1m[35m[2018-01-16 23:47:47][39m[22m - | Debug | Mail Listener | <= '* OK Still here'
[1m[35m[2018-01-16 23:47:51][39m[22m - | Debug | Mail Listener | => DONE
[1m[35m[2018-01-16 23:47:51][39m[22m - | Debug | Mail Listener | <= 'IDLE OK Idle completed (310.020 + 310.019 + 310.019 secs).'
[1m[35m[2018-01-16 23:47:51][39m[22m - | Debug | Mail Listener | => 'IDLE IDLE'
[1m[35m[2018-01-16 23:47:51][39m[22m - | Debug | Mail Listener | <= '+ idling'
[1m[35m[2018-01-16 23:49:47][39m[22m - | Debug | Mail Listener | <= '* OK Still here'
[1m[35m[2018-01-16 23:51:47][39m[22m - | Debug | Mail Listener | <= '* OK Still here'
[1m[35m[2018-01-16 23:53:01][39m[22m - | Debug | Mail Listener | => DONE
[1m[35m[2018-01-16 23:53:01][39m[22m - | Debug | Mail Listener | <= 'IDLE OK Idle completed (310.016 + 310.015 + 310.015 secs).'
[1m[35m[2018-01-16 23:53:01][39m[22m - | Debug | Mail Listener | => 'IDLE IDLE'
[1m[35m[2018-01-16 23:53:01][39m[22m - | Debug | Mail Listener | <= '+ idling'
[1m[35m[2018-01-16 23:53:47][39m[22m - | Debug | Mail Listener | <= '* OK Still here'
[1m[35m[2018-01-16 23:55:47][39m[22m - | Debug | Mail Listener | <= '* OK Still here'
[1m[35m[2018-01-16 23:57:47][39m[22m - | Debug | Mail Listener | <= '* OK Still here'
[1m[35m[2018-01-16 23:58:11][39m[22m - | Debug | Mail Listener | => DONE
[1m[35m[2018-01-16 23:58:11][39m[22m - | Debug | Mail Listener | <= 'IDLE OK Idle completed (310.010 + 310.009 + 310.009 secs).'
[1m[35m[2018-01-16 23:58:11][39m[22m - | Debug | Mail Listener | => 'IDLE IDLE'
[1m[35m[2018-01-16 23:58:11][39m[22m - | Debug | Mail Listener | <= '+ idling'
[1m[35m[2018-01-16 23:59:47][39m[22m - | Debug | Mail Listener | <= '* OK Still here'
